C51 COMPILER V9.54   LCD2406                                                               07/24/2019 11:36:27 PAGE 1   


C51 COMPILER V9.54, COMPILATION OF MODULE LCD2406
OBJECT MODULE PLACED IN .\Objects\LCD2406.obj
COMPILER INVOKED BY: C:\KEIL\C51\BIN\C51.EXE LCD2406.c OPTIMIZE(8,SPEED) BROWSE DEBUG OBJECTEXTEND PRINT(.\Listings\LCD2
                    -406.lst) TABS(2) OBJECT(.\Objects\LCD2406.obj)

line level    source

   1          # include "LCD2406.h"
   2          
   3          #define  uint unsigned int  
   4          #define  uchar unsigned char
   5            
   6          //引脚别名定义
   7          sbit rs=P4^4;        //1602的数据/指令选择控制线 
   8          sbit rw=P3^7;        //1602的读写控制线 
   9          sbit en=P3^6;        //1602的使能控制线 
  10          sbit lcdsel=P0^2;
  11          //数据保存数组
  12          uchar xdata table[32];      //要显示的内容1放入数组table
  13           
  14          //LCD1602写命令函数-------------------------------------------------
  15          //入参：uchar com       返回值：无
  16          void lcd_wcom(uchar com)                 
  17          { 
  18   1          rs=0;               //选择指令寄存器 
  19   1          rw=0;               //选择写 
  20   1          P2=com;             //把命令字送入P2 
  21   1          delay_ms(1);        //延时一小会儿，让1602准备接收数据 
  22   1          en=1;               //使能线电平变化，命令送入1602的8位数据口 
  23   1          en=0; 
  24   1      } 
  25          //LCD1602写数据函数-------------------------------------------------
  26          //入参：uchar com       返回值：无
  27          void lcd_wdat(uchar dat)          
  28          { 
  29   1          rs=1;               //选择数据寄存器 
  30   1          rw=0;               //选择写 
  31   1          P2=dat;             //把要显示的数据送入P2 
  32   1          delay_ms(1);        //延时一小会儿，让1602准备接收数据 
  33   1          en=1;               //使能线电平变化，数据送入1602的8位数据口 
  34   1          en=0; 
  35   1      } 
  36          
  37          
  38          //功能描述：LCD1602初始化函数
  39          //入参:无       返回值：无
  40          void lcd_init()                 
  41          { 
  42   1          lcd_wcom(0x38);       //8位数据，双列，5*7字形       
  43   1          lcd_wcom(0x0c);       //开启显示屏，关光标，光标不闪烁 
  44   1          lcd_wcom(0x06);       //显示地址递增，即写一个数据后，显示位置右移一位 
  45   1          lcd_wcom(0x01);       //清屏 
  46   1      } 
  47          
  48          //次主函数
  49          void LCD2406(unsigned char *dat)        
  50          { 
  51   1        uchar j=0; 
  52   1        P2M1 = 0; P2M0 = 0xff;  //设置P2.0~P2.7为推挽输出
  53   1        lcdsel = 1;
  54   1        lcd_init();           //液晶初始化 
C51 COMPILER V9.54   LCD2406                                                               07/24/2019 11:36:27 PAGE 2   

  55   1        while(*dat)
  56   1        {
  57   2          table[j++] =*dat++;     //将字符串中的字符一个一个发送
  58   2        }
  59   1        
  60   1      
  61   1         lcd_wcom(0x80);       //显示地址设为80H（即00H，）上排第一位       
  62   1          for(j=0;j<16;j++)     //将table[]中的数据依次写入1602显示 
  63   1          { 
  64   2                  lcd_wdat(table[j]);           
  65   2                  delay_ms(1); 
  66   2          }   
  67   1          lcd_wcom(0x80+0x40); //重新设定显示地址为0xc4,即下排第5位 
  68   1          for(j=16;j<34;j++)   //将table1[]中的数据依次写入1602显示 
  69   1          {     
  70   2                 lcd_wdat(table[j]); 
  71   2                 delay_ms(1); 
  72   2          }   
  73   1      } 


MODULE INFORMATION:   STATIC OVERLAYABLE
   CODE SIZE        =    202    ----
   CONSTANT SIZE    =   ----    ----
   XDATA SIZE       =     32    ----
   PDATA SIZE       =   ----    ----
   DATA SIZE        =   ----       4
   IDATA SIZE       =   ----    ----
   BIT SIZE         =   ----    ----
END OF MODULE INFORMATION.


C51 COMPILATION COMPLETE.  0 WARNING(S),  0 ERROR(S)
