C51 COMPILER V9.59.0.0   DUOJI                                                             07/16/2024 15:05:46 PAGE 1   


C51 COMPILER V9.59.0.0, COMPILATION OF MODULE DUOJI
OBJECT MODULE PLACED IN .\Objects\duoji.obj
COMPILER INVOKED BY: G:\Keil_v5\C51\BIN\C51.EXE duoji.c OMF2 OPTIMIZE(8,SPEED) BROWSE DEBUG PRINT(.\Listings\duoji.lst) 
                    -TABS(2) OBJECT(.\Objects\duoji.obj)

line level    source

   1          #include "duoji.h"
   2          extern unsigned char xdata Rec_Buf3[14];
   3          extern  unsigned char cmd;
   4          sbit OE1=P0^4;
   5          sbit OE2=P0^5;
   6          //舵机驱动程序***************************************************************************
   7          void a(unsigned char ID,unsigned short int speed,unsigned short int position)
   8          {
   9   1        unsigned char temp_sum=0; 
  10   1        if (position>=0x3ff)
  11   1            position=0x3ff; 
  12   1        if (speed>=0x3ff)
  13   1            speed=0x3ff;    
  14   1        temp_sum=ID + 0x07 + 0x04 + 0x1E + position%256+position/256+speed%256+speed/256;
  15   1        temp_sum=~temp_sum;
  16   1        IE2 &= 0xF7;                     // 串口3中断关闭
  17   1        OE2=0;
  18   1        OE1=1;
  19   1        SendDataByUart3(0XFF);
  20   1        SendDataByUart3(0XFF);
  21   1        SendDataByUart3(ID);
  22   1        SendDataByUart3(0X07);
  23   1        SendDataByUart3(0X04);
  24   1        SendDataByUart3(0X1E);
  25   1        SendDataByUart3(position%256);
  26   1        SendDataByUart3(position/256);  
  27   1        SendDataByUart3(speed%256); 
  28   1        SendDataByUart3(speed/256); 
  29   1        SendDataByUart3(temp_sum);
  30   1        IE2 |= 0x08;                     // 串口3中断打开
  31   1        OE2=1;
  32   1        OE1=0;
  33   1        delay_ms(100);
  34   1      }
  35          void action()
  36          {
  37   1        IE2 &= 0xF7;                     // 串口3中断关闭
  38   1        OE2=0;
  39   1        OE1=1;
  40   1        SendDataByUart3(0XFF);
  41   1        SendDataByUart3(0XFF);
  42   1        SendDataByUart3(0XFE);
  43   1        SendDataByUart3(0X02);
  44   1        SendDataByUart3(0X05);
  45   1        SendDataByUart3(0XFA);
  46   1        IE2 |= 0x08;                     // 串口3中断打开
  47   1        OE2=1;
  48   1        OE1=0;
  49   1      }
  50          //舞蹈动作库****************************************************************************
  51          void start()    //立正
  52          {
  53   1      a( 0,400,529);a( 1,400,509);a( 2,400,506);a( 3,400,412);
  54   1      a( 4,400,607);a( 5,400,371);a( 6,400,601);a( 7,400,514);
C51 COMPILER V9.59.0.0   DUOJI                                                             07/16/2024 15:05:46 PAGE 2   

  55   1      a( 8,400,500);a( 9,400,484);a(10,400,607);a(11,400,573);
  56   1      a(12,400,463);a(13,400,489);a(14,400,490);a(15,400,508);
  57   1      a(16,400,497);action();                        
  58   1      }
  59          void start1()
  60          {
  61   1      a( 0,100,529);a( 1,100,509);a( 2,100,506);a( 3,100,412);
  62   1      a( 4,100,607);a( 5,100,371);a( 6,100,601);a( 7,100,514);  
  63   1      a( 8,100,500);a(15,100,492);a(16,100,478);action();     
  64   1      }
  65          void start2()
  66          {
  67   1      a( 0,100,529);a( 1,100,509);a( 2,100,506);a( 3,100,412);
  68   1      a( 4,100,607);a( 5,100,371);a( 6,100,601);a( 7,100,514);
  69   1      a( 8,100,500);a( 9,400,484);a(10,400,607);a(11,400,573);
  70   1      a(12,400,463);a(13,400,489);a(14,400,490);a(15,100,492);
  71   1      a(16,100,478);action(); 
  72   1      }
  73          void start3()
  74          {
  75   1      a( 1,100,501);a( 2,100,460);a( 3,100,467);
  76   1      a( 4,100,610);a( 5,100,372);a( 6,100,572);a( 7,100,539);
  77   1      a( 8,100,505);a(15,200,488);a(16,200,480);action();
  78   1      }
  79          void action1()      //敬礼
  80          {
  81   1      a( 9,400,201);a(10,400,596);a(11,400,1023);
  82   1      a(12,400,498);a(13,400,494);a(14,400,487);  action();  
  83   1      }
  84          void action1_1()   //敬礼
  85          {
  86   1      a( 9,800,201);a(10,800,599);a(11,800,1023);action();
  87   1      }
  88          
  89          void action2()    //这是一个晴朗的早晨   左手
  90          {
  91   1      a( 1,250,420);a( 2,250,506);a( 3,250,412);a( 4,250,607);
  92   1      a( 5,250,371);a( 6,250,601);a( 7,250,514);a( 8,250,499);
  93   1      a( 9,250,487);a(10,250,746);a(11,250,978);a(12,250,464);
  94   1      a(13,250,485);a(14,250,484);a(15,250,508);a(16,250,497);action();
  95   1      }
  96          
  97          void action2_1()  //右手
  98          {
  99   1      a( 1,250,535);a( 2,250,506);a( 3,250,412);a( 4,250,607);
 100   1      a( 5,250,371);a( 6,250,601);a( 7,250,514);a( 8,250,560);
 101   1      a( 9,250,485);a(10,250,602);a(11,250,563);a(12,250,94); 
 102   1      a(13,250,316);a(14,250,484);a(15,250,508);a(16,250,497);action();
 103   1      }
 104          void ready()  //上
 105          {
 106   1      a( 1,100,520);a( 2,100,529);a( 3,100,404);
 107   1      a( 4,100,623);a( 5,100,372);a( 6,100,601);a( 7,100,512);
 108   1      a( 8,100,504);a(15,100,505);a(16,100,480);action();
 109   1      }
 110          void action3()  //下
 111          {
 112   1      a( 1,100,503);a( 2,100,296);a( 3,100,646);a( 4,100,535);
 113   1      a( 5,100,447);a( 6,100,366);a( 7,100,734);a( 8,100,526);
 114   1      a( 9,100,483);a(10,100,594);a(11,100,589);a(12,100,472);
 115   1      a(13,100,481);a(14,100,485);a(15,100,498);a(16,100,516);action();
 116   1      }
C51 COMPILER V9.59.0.0   DUOJI                                                             07/16/2024 15:05:46 PAGE 3   

 117          void action3_1() //张开
 118          {
 119   1      a( 9,300,488);a(10,300,727);a(11,300,832);
 120   1      a(12,300,185);a(13,300,355);a(14,300,509);action();
 121   1      }
 122          void action3_2()   //左手动
 123          {
 124   1      a( 9,500,488);a(10,500,727);a(11,500,832);
 125   1      a(12,500,181);a(13,500,528);a(14,500,751);action();
 126   1      }
 127          void action3_3()   //右手动
 128          {
 129   1      a( 9,500,309);a(10,500,487);a(11,500,830);
 130   1      a(12,500,194);a(13,500,361);a(14,500,470);action();
 131   1      }
 132          void action3_4()  //下
 133          {
 134   1      a( 9,500,483);a(10,500,594);a(11,500,589);a(12,500,472);
 135   1      a(13,500,481);a(14,500,485);a(15,500,498);a(16,500,516);action();
 136   1      }
 137          
 138          void action5()   //转头   （看那军旗飞舞的方向）
 139          {
 140   1      a( 0,300,377);a( 1,100,509);a( 2,100,506);a( 3,100,412);
 141   1      a( 4,200,595);a( 5,200,380);a( 6,100,601);a( 7,100,514);
 142   1      a( 8,100,500);a( 9,300,378);a(10,300,663);a(11,300,971);
 143   1      a(12,300,311);a(13,300,429);a(14,300,487);a(15,300,490);
 144   1      a(16,300,500);action();
 145   1      }
 146          void action6()  //换手
 147          {
 148   1      a( 0,300,519);a( 9,300,378);a(10,300,490);a(11,300,935);
 149   1      a(12,300,232);a(13,300,562);a(14,300,498);action();
 150   1      }
 151          void action7()  //接替过
 152          {
 153   1      a( 0,300,673);a( 9,300,379);a(10,300,544);a(11,300,796);
 154   1      a(12,300,129);a(13,300,361);a(14,300,495);action();
 155   1      }
 156          void action8()  //前伸
 157          {
 158   1      a( 0,300,510);a( 9,300,453);a(10,300,579);a(11,300,836);
 159   1      a(12,300,210);a(13,300,493);a(14,300,493);action();
 160   1      }
 161          void action9()  //前进的姿态   zuo
 162          {
 163   1      a( 0,500,673);a( 9,500,528);a(10,500,855);a(11,500,323);
 164   1      a(12,500,84); a(13,500,494);a(14,500,694);action();
 165   1      }
 166          void action10()   //前进的姿态  you 
 167          {
 168   1      a( 0,500,411);a( 9,500,277);a(10,500,620);a(11,500,968);
 169   1      a(12,500,682);a(13,500,178);a(14,500,484);action();
 170   1      }
 171          void action10_1()  //扫
 172          {
 173   1      a( 9,500,485);a(10,500,449);a(11,500,864);
 174   1      a(12,500,214);a(13,500,276);a(14,500,492);action();
 175   1      }
 176          void action10_2()  //扫过
 177          {
 178   1      a( 9,400,487);a(10,400,777);a(11,400,864);
C51 COMPILER V9.59.0.0   DUOJI                                                             07/16/2024 15:05:46 PAGE 4   

 179   1      a(12,400,214);a(13,400,648);a(14,400,492);action();
 180   1      }
 181          void action11() //正常站姿
 182          {
 183   1      a( 0,300,533);a( 9,300,484);a(10,300,606);a(11,300,569);
 184   1      a(12,300,477);a(13,300,473);a(14,300,485);action();
 185   1      }
 186          void action11_1()  //上提
 187          {
 188   1      a( 9,600,371);a(10,600,700);a(11,600,560);
 189   1      a(12,600,471);a(13,600,352);a(14,600,641);action();
 190   1      }
 191          void action12()    //更上提
 192          {
 193   1      a( 9,600,245);a(10,600,855);a(11,600,554);
 194   1      a(12,600,478);a(13,600,210);a(14,600,734);action();
 195   1      }
 196          
 197          void action12_1()
 198          {
 199   1      a( 0,100,512);a( 1,100,481);a( 2,100,519);a( 3,100,403);
 200   1      a( 4,100,591);a( 5,100,400);a( 6,100,613);a( 7,100,525);
 201   1      a( 8,100,516);a( 9,100,485);a(10,100,622);a(11,100,559);
 202   1      a(12,100,477);a(13,100,469);a(14,100,488);a(15,100,483);
 203   1      a(16,100,493);action();
 204   1      }
 205          void action13()  //下腰  （准备好了吗）
 206          {
 207   1          a(0,150,510); a(1,150,482); a(2,150,426); a(3,150,438); 
 208   1          a(4,150,404); a(5,150,575); a(6,150,603); a(7,150,577);
 209   1          a(8,150,542); a(9,150,482);a(10,150,600);a(11,150,558);
 210   1          a(12,150,500);a(13,150,484);a(14,150,485);
 211   1         action();
 212   1      }
 213          void action14()  //下腰  并且手下地
 214          {
 215   1         a( 0,200,532);a(1,200,500); a(2,200,356); a(3,200,453); 
 216   1         a(4,200,217);a(5,200,754); a(6,200,553); a(7,200,684);
 217   1         a(8,200,511);a( 9,200,501);a(10,200,612);a(11,300,257);
 218   1         a(12,300,790);a(13,200,472);a(14,200,490);a(15,200,478);
 219   1         a(16,200,502);action();
 220   1      }
 221          void action15()  //左手起  ，右手斜
 222          {
 223   1      a( 9,200,505);a(10,200,586);a(11,300,235);
 224   1      a(12,400,1023);a(13,400,499);a(14,400,494);action();
 225   1      }
 226          void action16()  //左手斜   开枪
 227          {
 228   1      a(12,400,892);a(13,400,499);a(14,400,494);action();
 229   1      }
 230          void action17()   //右手起
 231          {
 232   1      a( 9,400,478);a(10,400,555);a(11,400,022);action();
 233   1      }
 234          void action18()  //支起
 235          {
 236   1        a(0,300,510); a(1,300,521); a(2,300,462); a(3,300,510); 
 237   1        a(4,300,335); a(5,300,650); a(6,300,494); a(7,300,564);
 238   1        a(8,300,506); a(9,300,504);a(10,300,629);a(11,300,205);
 239   1        a(12,300,810);a(13,300,440);a(14,300,483);a(15,300,510);
 240   1        a(16,300,499);action();
C51 COMPILER V9.59.0.0   DUOJI                                                             07/16/2024 15:05:46 PAGE 5   

 241   1      }
 242          void action19() //抬左腿  
 243          {
 244   1         a(5,300,568); a(6,300,227); a(7,300,626);
 245   1         a(8,300,492);action();
 246   1      }
 247          void action20() //左腿向上
 248          {
 249   1         a(5,300,164);  a(6,300,227); a(7,300,626);
 250   1         a(8,300,492);action();
 251   1      }
 252          
 253          void action21()  //左脚点地
 254          {
 255   1         a(5,300,437); a(6,300,539); a(7,300,562);
 256   1         a(8,300,499);action();
 257   1      }
 258          void action22()  //右脚抬起
 259          {
 260   1         a(1,300,521); a(2,300,397); a(3,300,838); 
 261   1         a(4,300,538);action();
 262   1      }
 263          void action23()  //右脚向上
 264          {
 265   1         a(1,300,521); a(2,300,399); a(3,300,838); 
 266   1         a(4,300,785);action();
 267   1      }
 268          
 269          void action24()  //右脚点地
 270          {
 271   1         a(1,300,515); a(2,300,452); a(3,300,489); 
 272   1         a(4,300,599);action();
 273   1      }
 274          void action24_1()  //前进准备
 275          {
 276   1      a( 9,200,483);a(10,200,594);a(11,200,268);
 277   1      a(12,200,761);a(13,200,490);a(14,200,489);action();
 278   1      }
 279          void action24_2()  //右脚右手
 280          {
 281   1      a( 5,200,386);a( 6,200,341);a( 7,200,752);a( 8,200,522);
 282   1      a( 9,200,484);a(10,200,596);a(11,200,198);action();
 283   1      }
 284          void action24_3()  //左脚左手
 285          {
 286   1      a( 1,200,519);a( 2,200,242);a( 3,200,733);
 287   1      a( 4,200,704);a( 5,200,307);a( 6,200,518);a( 7,200,512);
 288   1      a( 8,200,472);a( 9,200,484);a(10,200,592);a(11,200,291);
 289   1      a(12,200,827);a(13,200,508);a(14,200,489);a(15,200,503);
 290   1      a(16,200,477);action();
 291   1      }
 292          void action24_4()  //guodu
 293          {
 294   1      a( 0,200,533);a( 1,200,518);a( 2,200,469);a( 3,200,508);
 295   1      a( 4,200,653);a( 5,200,360);a( 6,200,559);a( 7,200,576);
 296   1      a( 8,200,504);a( 9,200,495);a(10,200,552);a(11,200,286);
 297   1      a(12,200,782);a(13,200,503);a(14,200,479);a(15,200,509);
 298   1      a(16,200,494);action();
 299   1      }
 300          void action25()  //左右胳膊贴地
 301          {
 302   1         a(0,300,504); a(1,300,514); a(2,300,471); a(3,300,513); 
C51 COMPILER V9.59.0.0   DUOJI                                                             07/16/2024 15:05:46 PAGE 6   

 303   1         a(4,300,589); a(5,300,426); a(6,300,512); a(7,300,570);
 304   1         a(8,300,499); a( 9,300,501);a(10,300,848);a(11,300,226);
 305   1        a(12,300,822); a(13,300,238);a(14,300,455);a(15,300,506);
 306   1        a(16,300,498);action();
 307   1      }
 308          void action26()  //顺势劈叉
 309          {
 310   1         a(0,300,504);a( 1,300,515);a( 2,300,487);a( 3,300,532);
 311   1        a( 4,300,715);a( 5,300,266);a( 6,300,467);a( 7,300,544);
 312   1        a( 8,300,479); a( 9,300,501);a(10,300,848);a(11,300,226);
 313   1        a(12,300,822); a(13,300,238);a(14,300,455);a(15,300,210);
 314   1        a(16,350,779);action();
 315   1      }
 316          void action27()  //双手撑起身体(xie)
 317          {
 318   1         a(1,100,555); a(2,100,641); a(3,100,533);a(4,100,751);
 319   1         a(5,100,181); a(6,100,393); a(7,100,481);a(8,100,525);
 320   1         a( 9,200,509);a(10,200,574);a(11,200,284);
 321   1         a(12,200,775);a(13,200,520);a(14,200,490);action();
 322   1      }
 323          void action28()  //双手撑起身体(zhi)
 324          {
 325   1      a( 1,200,502);a( 2,200,595);a( 3,200,592);
 326   1      a( 4,200,833);a( 5,200,123);a( 6,200,378);a( 7,200,472);
 327   1      a( 8,200,519);a( 9,200,485);a(10,200,596);a(11,200,406);
 328   1      a(12,200,642);a(13,200,530);a(14,200,464);a(15,200,187);
 329   1      a(16,200,807);action();
 330   1      }
 331          void action29()  //左胳膊起
 332          { a(9,500,482); a(10,500,972);a(11,500,353);
 333   1        a(12,400,642);a(13,300,140);a(14,300,464);a(15,300,183);
 334   1        a(16,300,812);action();
 335   1      }
 336          void action30()   //左胳膊zhuan
 337          {
 338   1      a(12,500,554);a(13,500,177);a(14,500,468);action(); 
 339   1      }
 340          void action31()  //左胳膊转
 341          {
 342   1      a(9,500,482);a(10,500,899);a(11,500,867);
 343   1      a(12,500,112);a(13,500,177);a(14,500,468);action();
 344   1      }
 345          
 346          void action34()  //双手合拢
 347          {
 348   1        a( 1,300,502);a( 2,300,594);a( 3,300,591);
 349   1      a( 4,300,833);a( 5,300,123);a( 6,300,378);a( 7,300,472);
 350   1      a( 8,300,519);a(9,400,478);a(10,400,433);a(11,400,867);
 351   1        a(12,400,116);a(13,400,597);a(14,400,560); action();
 352   1      }
 353          void action35()  //放心
 354          {  
 355   1      a( 9,500,485);a(10,500,609);a(11,500,854);
 356   1      a(12,500,171);a(13,600,641);a(14,500,692);action();
 357   1      }
 358          void action36() 
 359          {
 360   1      a(12,500,171);a(13,600,538);a(14,500,692);action();
 361   1      }
 362          void action37()  //前进
 363          {
 364   1      a( 0,200,362);a( 9,200,278);a(10,200,589);a(11,200,920);
C51 COMPILER V9.59.0.0   DUOJI                                                             07/16/2024 15:05:46 PAGE 7   

 365   1      a(12,200,198);a(13,200,358);a(14,200,484);action();
 366   1      }
 367          void action38()
 368          {
 369   1      a( 0,400,293);a( 9,400,278);a(10,400,572);a(11,400,980);
 370   1      a(12,400,168);a(13,400,269);a(14,400,484);action();
 371   1      }
 372          void action39()  //准备倒  上
 373          {
 374   1       a( 0,200,497);a( 1,200,512);a( 2,200,615);a( 3,200,403);
 375   1      a( 4,200,627);a( 5,200,311);a( 6,200,525);a( 7,200,445);
 376   1      a( 8,200,525);a( 9,200,474);a(10,200,586);a(11,200,856);
 377   1      a(12,200,186);a(13,200,478);a(14,200,506);a(15,200,193);
 378   1      a(16,200,809);action();
 379   1      }
 380          void action40()   //前滑  
 381          {
 382   1      a( 9,200,497);a(10,200,602);a(11,200,917);
 383   1      a(12,200,129);a(13,200,490);a(14,200,474);action();
 384   1      }
 385          void action41()   //双脚起
 386          {
 387   1      a( 1,200,558);a( 2,200,499);a( 3,200,479);a( 4,200,360);
 388   1      a( 5,200,658);a( 6,200,591);a( 7,200,487);a( 8,200,488);
 389   1      a( 9,200,494);a(10,200,600);a(13,200,484);a(14,200,500);action();
 390   1      }
 391          void action42()  //双脚转  上
 392          {
 393   1      a( 1,200,511);a( 8,200,505);a(15,200,498);a(16,200,485);action();
 394   1      }
 395          void action43()  //双腿下
 396          {
 397   1      a( 1,200,510);a( 2,200,554);a( 3,200,390);a( 4,200,454);
 398   1      a( 5,200,513);a( 6,200,554);a( 7,200,571);a( 8,200,471);
 399   1      a( 9,200,494);a(10,200,600);a(11,200,794);a(12,200,269);
 400   1      a(13,200,469);a(14,200,561);a(15,200,481);a(16,200,462);action();
 401   1      }
 402          void action45()  //俯卧撑   下
 403          {
 404   1      a( 9,200,311);a(10,200,684);a(11,200,832);
 405   1      a(12,200,211);a(13,200,414);a(14,200,671);action();
 406   1      }
 407          void action44()  //俯卧撑
 408          {
 409   1      a( 1,200,511);a( 2,200,561);a( 3,200,402);
 410   1      a( 4,200,633);a( 5,200,337);a( 6,200,591);a( 7,200,494);
 411   1      a( 8,200,498);a( 9,200,494);a(10,200,600);a(13,200,512);a(14,200,484);action();
 412   1      }
 413          void action46()  //俯卧撑 左右腿
 414          {
 415   1      a( 1,200,510);a( 2,200,545);a( 3,200,452);a( 4,200,624);
 416   1      a( 5,200,363);a( 6,200,556);a( 7,200,484);a( 8,200,506);
 417   1      a( 9,200,480);a(10,200,565);a(11,200,822);a(12,200,230);
 418   1      a(13,200,480);a(14,200,512);a(15,200,437);a(16,200,555);action();
 419   1      }
 420          void action47()   //两胳膊与肩膀平行  向前
 421          {
 422   1      a( 1,200,513);a( 2,200,529);a( 3,200,287);
 423   1      a( 4,200,502);a( 5,200,445);a( 6,200,672);a( 7,200,490);
 424   1      a( 8,200,524);a( 9,200,497);a(10,200,893);a(11,200,852);
 425   1      a(12,200,225);a(13,200,207);a(14,200,452);action();
 426   1      }
C51 COMPILER V9.59.0.0   DUOJI                                                             07/16/2024 15:05:46 PAGE 8   

 427          void action48()  //两腿两胳膊平行
 428          {
 429   1      a(15,200,195);a(16,200,802);action();
 430   1      }
 431          void action49()  //半起
 432          {
 433   1      a( 1,200,511);a( 2,200,532);a( 3,200,295);
 434   1      a( 4,200,501);a( 5,200,422);a( 6,200,666);a( 7,200,471);
 435   1      a( 8,200,500);a( 9,200,508);a(10,200,544);a(11,200,764);
 436   1      a(12,200,301);a(13,200,514);a(14,200,448);a(15,200,195);
 437   1      a(16,200,788);action();
 438   1      }
 439          void action50()   //撑   腿
 440          {
 441   1      a( 9,200,502);a(10,200,563);a(11,200,861);
 442   1      a(12,200,178);a(13,200,509);a(14,200,488);action();
 443   1      }
 444          void action51()  //起
 445          {
 446   1      a( 0,200,492);a( 1,200,509);a( 2,200,533);a( 3,200,292);
 447   1      a( 4,200,497);a( 5,200,211);a( 6,200,459);a( 7,200,474);
 448   1      a( 8,200,520);a( 9,200,510);a(10,200,569);a(11,200,722);
 449   1      a(12,200,173);a(13,200,184);a(14,200,482);a(15,200,195);
 450   1      a(16,200,806);action();
 451   1      }
 452          void action52()
 453          {
 454   1      a( 0,200,661);a( 1,200,509);a( 2,200,533);a( 3,200,292);
 455   1      a( 4,200,497);a( 5,200,211);a( 6,200,459);a( 7,200,474);
 456   1      a( 8,200,520);a( 9,200,509);a(10,200,430);a(11,200,901);
 457   1      a(12,200,170);a(13,200,190);a(14,200,796);a(15,200,195);
 458   1      a(16,200,806);action();
 459   1      }
 460          void action53()  //平行
 461          {
 462   1      a( 0,400,592);a( 1,400,510);a( 2,400,540);a( 3,400,511);
 463   1      a( 4,400,727);a( 5,400,200);a( 6,400,461);a( 7,400,474);
 464   1      a( 8,400,519);a( 9,400,509);a(10,400,858);a(11,400,897);
 465   1      a(12,400,174);a(13,400,209);a(14,400,481);a(15,400,195);
 466   1      a(16,400,806);action();
 467   1      }
 468          void action54()  //平行   后
 469          {
 470   1      a( 9,200,503);a(10,200,865);a(11,200,252);
 471   1      a(12,200,789);a(13,200,238);a(14,200,480);action();
 472   1      }
 473          void action55()
 474          {
 475   1      a( 0,200,590);a( 1,200,511);a( 2,200,460);a( 3,200,398);
 476   1      a( 4,200,615);a( 5,200,376);a( 6,200,682);a( 7,200,472);
 477   1      a( 8,200,515);a( 9,200,503);a(10,200,577);a(11,200,363);
 478   1      a(12,200,680);a(13,200,526);a(14,200,480);a(15,200,186);
 479   1      a(16,200,795);action();
 480   1      }
 481          void action55_1()   //倒
 482          {
 483   1      a( 9,200,505);a(10,200,842);a(11,200,240);
 484   1      a(12,200,806);a(13,200,209);a(14,200,480);action();
 485   1      }
 486          void action56()  //收腿
 487          {
 488   1      a( 1,200,511);a( 2,200,550);a( 3,200,401);
C51 COMPILER V9.59.0.0   DUOJI                                                             07/16/2024 15:05:46 PAGE 9   

 489   1      a( 4,200,681);a( 5,200,262);a( 6,200,548);a( 7,200,513);
 490   1      a( 8,200,513);a( 9,200,501);a(10,200,855);a(11,200,260);
 491   1      a(12,200,793);a(13,200,204);a(14,200,458);a(15,200,506);
 492   1      a(16,200,490);action();
 493   1      }
 494          void action57()  //弓腿
 495          {
 496   1      a( 1,200,513);a( 2,200,581);a( 3,200,492);
 497   1      a( 4,200,532);a( 5,200,458);a( 6,200,556);a( 7,200,441);
 498   1      a( 8,200,510);a( 9,200,501);a(10,200,859);a(11,200,191);
 499   1      a(12,200,870);a(13,200,198);a(14,200,461);a(15,200,499);
 500   1      a(16,200,492);action();
 501   1      }
 502          void action58() //支起
 503          {
 504   1      a( 1,200,519);a( 2,200,622);a( 3,200,485);
 505   1      a( 4,200,491);a( 5,200,467);a( 6,200,511);a( 7,200,406);
 506   1      a( 8,200,510);a( 9,200,498);a(10,200,587);a(11,200,249);
 507   1      a(12,200,810);a(13,200,489);a(14,200,491);a(15,200,495);
 508   1      a(16,200,490);action();
 509   1      }
 510          void action59() //收
 511          {
 512   1      a( 1,200,511);a( 2,200,346);a( 3,200,470);
 513   1      a( 4,200,220);a( 5,200,742);a( 6,200,522);a( 7,200,691);
 514   1      a( 8,200,510);a( 9,200,498);a(10,200,587);a(11,200,269);
 515   1      a(12,200,810);a(13,200,487);a(14,200,491);a(15,200,493);
 516   1      a(16,200,488);action();
 517   1      }
 518          //void action60()  //站起
 519          //{
 520          //a( 1,200,514);a( 2,200,535);a( 3,200,291);
 521          //a( 4,200,483);a( 5,200,474);a( 6,200,666);a( 7,200,529);
 522          //a( 8,200,516);a( 9,200,501);a(10,200,832);a(11,200,825);
 523          //a(12,200,249);a(13,200,231);a(14,200,460);a(15,200,501);
 524          //a(16,200,487);action();
 525          //}
 526          void action60()   //站起
 527          {
 528   1      a( 0,200,525);a( 1,200,514);a( 2,200,463);a( 3,200,387);
 529   1      a( 4,400,538);a( 5,400,439);a( 6,200,620);a( 7,200,560);
 530   1      a( 8,200,510);a( 9,200,501);a(10,200,832);a(11,200,825);
 531   1      a(12,200,249);a(13,200,231);a(14,200,460);a(15,200,501);
 532   1      a(16,200,487);action();
 533   1      }
 534          void action61()  //看  旗帜
 535          {
 536   1      a( 9,200,668);a(10,200,744);a(11,200,947);
 537   1      a(12,200,6);a(13,200,569);a(14,200,485);action();
 538   1      }
 539          void action62()  //挥
 540          {
 541   1      a( 9,200,429);a(10,200,489);a(11,200,946);action();
 542   1      }
 543          void action63()   //正常站姿
 544          {
 545   1      a( 0,200,552);a( 1,200,514);a( 2,200,535);a( 3,200,291);
 546   1      a( 4,200,490);a( 5,200,456);a( 6,200,666);a( 7,200,529);
 547   1      a( 8,200,516);a( 9,200,481);a(10,200,611);a(11,200,576);
 548   1      a(12,200,470);a(13,200,493);a(14,200,488);a(15,200,501);
 549   1      a(16,200,487);action();
 550   1      }
C51 COMPILER V9.59.0.0   DUOJI                                                             07/16/2024 15:05:46 PAGE 10  

 551          void action65()  //举高
 552          {
 553   1      a( 9,200,495);a(10,200,641);a(11,200,1023);
 554   1      a(12,200,15);a(13,200,427);a(14,200,484);action();
 555   1      }
 556          void action66()  //摇摆
 557          {
 558   1       a(10,200,718);a(13,200,603);action();
 559   1      }
 560          void action67()  //摇摆
 561          {
 562   1      a( 9,200,495);a(13,200,378);action();
 563   1      }
 564          void action68()  //年轻士兵渴望建立功勋
 565          {
 566   1      a( 0,200,684);a( 9,200,498);a(10,200,815);a(11,200,731);
 567   1      a(12,200,185);a(13,200,594);a(14,200,726);action();
 568   1      }
 569          void  biaozhun()
 570          {
 571   1      a( 0,200,552);a( 1,200,515);a( 2,200,500);a( 3,200,393);
 572   1      a( 4,200,565);a( 5,200,413);a( 6,200,602);a( 7,200,541);
 573   1      a( 8,200,508);a( 9,200,467);a(10,200,591);a(11,200,566);
 574   1      a(12,200,467);a(13,200,481);a(14,200,494);a(15,200,489);
 575   1      a(16,200,497);action();
 576   1      }
 577          void biaozhun1()
 578          {
 579   1      a( 1,200,498);a( 2,200,506);a( 3,200,437);a( 4,200,622);
 580   1      a( 5,200,389);a( 6,200,593);a( 7,200,533);a( 8,200,512);
 581   1      a( 9,200,506);a(10,200,756);a(11,200,566);
 582   1      a(12,200,467);a(13,200,481);a(14,200,494);a(15,200,489);
 583   1      a(16,200,497);action();
 584   1      }
 585          void action69() //当那一天真的来临  右胳膊起
 586          {
 587   1      a( 9,200,495);a(10,200,583);a(11,200,971);action();
 588   1      }
 589          void action70() //左胳膊起
 590          {
 591   1      a(11,300,543);a(12,200,262);action();
 592   1      }
 593          void action71()  //放心
 594          {
 595   1      a(12,400,262);a(13,400,615);a(14,400,703);action();
 596   1      }
 597          void action72()  //放心
 598          {
 599   1      a(13,400,459);a(14,400,702);action();
 600   1      }
 601          void action73()      //为了胜利我要勇敢前进
 602          {
 603   1      a( 0,200,550);a( 1,200,515);a( 2,200,500);a( 3,200,393);
 604   1      a( 4,200,565);a( 5,200,413);a( 6,200,602);a( 7,200,541);
 605   1      a( 8,200,508);
 606   1      a( 9,400,468);a(10,400,589);a(11,400,959);
 607   1      a(12,400,90); a(13,400,514);a(14,400,493);a(15,200,500);
 608   1      a(16,200,484);action();
 609   1      
 610   1      }
 611          void action75()  
 612          {
C51 COMPILER V9.59.0.0   DUOJI                                                             07/16/2024 15:05:46 PAGE 11  

 613   1      a( 0,200,551);a( 1,200,515);a( 2,200,500);a( 3,200,393);
 614   1      a( 4,200,565);a( 5,200,413);a( 6,200,602);a( 7,200,541);
 615   1      a( 8,200,508);
 616   1      a( 9,300,491);a(10,300,678);a(11,300,690);
 617   1      a(12,300,347);a(13,300,392);a(14,300,501);action();
 618   1      }
 619          void action76()   //抱    放心吧祖国，放心吧亲人
 620          {
 621   1      a( 9,200,313);a(10,400,479);a(11,200,820);
 622   1      a(12,400,234);a(13,400,568);a(14,400,741);action();
 623   1      }
 624          void action77()  // 右下左上    为了胜利我会永远前进  
 625          {
 626   1      a( 0,200,552);a( 1,200,499);a( 2,200,508);a( 3,200,432);
 627   1      a( 4,200,616);a( 5,200,377);a( 6,200,593);a( 7,200,514);
 628   1      a( 8,200,512);
 629   1      a( 9,400,315);a(10,400,749);a(11,400,652);
 630   1      a(12,400,000);a(13,400,442);a(14,400,736);action();
 631   1      }
 632          void action78()  //右上左下
 633          {
 634   1      a( 0,200,552);a( 1,200,498);a( 2,200,506);a( 3,200,437);
 635   1      a( 4,200,622);a( 5,200,389);a( 6,200,593);a( 7,200,533);
 636   1      a( 8,200,512);
 637   1      a( 9,400,254);a(10,400,657);a(11,400,1038);
 638   1      a(12,400,451);a(13,400,356);a(14,400,743);action();
 639   1      }
 640          void action79()  //准白好了吗
 641          {
 642   1      a( 1,400,498);a( 2,400,506);a( 3,400,437);
 643   1      a( 4,400,622);a( 5,400,389);a( 6,400,593);a( 7,200,533);
 644   1      a( 8,400,512);a( 9,400,490);a(10,400,601);a(11,400,418);
 645   1      a(12,400,160);a(13,400,504);a(14,400,805);a(15,400,474);
 646   1      a(16,400,494);action();
 647   1      }
 648          void action80()
 649          {
 650   1      a( 9,400,491);a(10,400,597);a(11,400,796);
 651   1      a(12,400,554);a(13,400,443);a(14,400,482);action();
 652   1      }
 653          void action81()
 654          {
 655   1      a( 9,400,290);a(10,400,487);action();
 656   1      }
 657          void action82()
 658          {
 659   1      a( 9,200,497);a(10,200,718);a(11,200,582);
 660   1      a(12,200,104);a(13,200,481);a(14,200,480);action();
 661   1      }
 662          void action83()  //放心
 663          {
 664   1      a( 9,400,327);a(10,400,461);a(11,400,814);
 665   1      a(12,400,207);a(13,400,587);a(14,400,682);action();
 666   1      }
 667          void action84()
 668          {
 669   1      a(10,400,580);a(13,400,443);action();
 670   1      }
 671          void action85()
 672          {
 673   1      a( 0,200,701);a( 9,200,330);a(10,200,703);a(11,200,571);
 674   1      a(12,200,85);a(13,200,381);a(14,200,682);action();
C51 COMPILER V9.59.0.0   DUOJI                                                             07/16/2024 15:05:46 PAGE 12  

 675   1      }
 676          void action86()
 677          {
 678   1      a( 9,200,499);a(10,200,834);a(11,200,407);
 679   1      a(12,200,164);a(13,200,473);a(14,200,818);action();
 680   1      }
 681          void action87()
 682          {
 683   1      a( 1,200,469);a( 2,200,502);a( 3,200,397);
 684   1      a( 4,200,569);a( 5,200,394);a( 6,200,582);a( 7,200,542);
 685   1      a( 8,200,510);a( 9,200,497);a(10,200,830);a(11,200,412);
 686   1      a(12,200,98);a(13,200,478);a(14,200,809);a(15,200,442);
 687   1      a(16,200,461);action();
 688   1      }
 689          void part_one()
 690          {
 691   1      ////////////////到和平年代还有激荡的风云
 692   1        start();delay_ms(300);
 693   1        action1();  delay_ms(500);action1_1();
 694   1        start();delay_ms(500);
 695   1        action2();delay_ms(500);
 696   1        action2_1();delay_ms(500);
 697   1        start2();delay_ms(500);
 698   1        action3();delay_ms(500);delay_ms(500);
 699   1        action3_1();delay_ms(500);
 700   1        action3_2();delay_ms(500);
 701   1        action3_3();delay_ms(500);
 702   1        action3_2();delay_ms(500);
 703   1        action3_3();delay_ms(500);
 704   1        action3_4();delay_ms(500);delay_ms(500);
 705   1        start1();delay_ms(500);
 706   1      
 707   1      /////////////////////看那军旗飞舞的方向
 708   1         
 709   1         action5();delay_ms(500);
 710   1         action6();delay_ms(500);
 711   1         action7();delay_ms(500);delay_ms(500);
 712   1         action8();delay_ms(250);
 713   1         action9();delay_ms(500);
 714   1         action8();delay_ms(500);
 715   1         action10();delay_ms(500);
 716   1         action8();delay_ms(500);
 717   1         action10_1();delay_ms(500);
 718   1         action10_2();delay_ms(500);delay_ms(250);
 719   1         action8();
 720   1         action11();delay_ms(500);
 721   1         action11_1();delay_ms(500);
 722   1         action11();delay_ms(500);
 723   1         action12();delay_ms(500);
 724   1         action11();delay_ms(100);
 725   1         action12_1();delay_ms(100);
 726   1      
 727   1      /////////////////////////准备好了吗，士兵兄弟们。
 728   1      
 729   1         action13();   delay_ms(500);
 730   1         action14();   delay_ms(500);
 731   1         action15();   delay_ms(200);
 732   1         action16();   delay_ms(200);
 733   1         action17();   delay_ms(200);
 734   1         action15();   delay_ms(200);
 735   1         action16();   delay_ms(200);
 736   1         action18();   delay_ms(200);
C51 COMPILER V9.59.0.0   DUOJI                                                             07/16/2024 15:05:46 PAGE 13  

 737   1         action19();   delay_ms(200);
 738   1         action20();   delay_ms(200);
 739   1         action21();   delay_ms(200);
 740   1         action22();   delay_ms(200);
 741   1         action23();   delay_ms(100);
 742   1         action24();   delay_ms(100);
 743   1         action24_1();   delay_ms(200);
 744   1         action24_2();   delay_ms(200);
 745   1         action24_3();   delay_ms(50);
 746   1         action24_4();   delay_ms(200);
 747   1         action25();   delay_ms(200);
 748   1         action26();   delay_ms(500);
 749   1         action27();   delay_ms(500);
 750   1         action28();   delay_ms(500);
 751   1         action29();   delay_ms(500);
 752   1         action30();   delay_ms(500);
 753   1         action31();   delay_ms(500);
 754   1         action34();   delay_ms(500);
 755   1         action35();   
 756   1         action36();   
 757   1         action35();   
 758   1         action36();   
 759   1         action35();   
 760   1         action36();   delay_ms(300);
 761   1         action37();   delay_ms(300);
 762   1         action38();   delay_ms(300);
 763   1         action39();   delay_ms(300);
 764   1         action40();   delay_ms(300);
 765   1         action41();   delay_ms(300);
 766   1         action42();   delay_ms(300);
 767   1         action43();   delay_ms(300);
 768   1         action44();   delay_ms(300);
 769   1         action45();   delay_ms(300);
 770   1         action44();   delay_ms(300);
 771   1         action45();   delay_ms(300);
 772   1         action44();   delay_ms(300); 
 773   1      }
 774          void part_two()
 775          {
 776   1         action43(); delay_ms(300);
 777   1         action44(); delay_ms(300);
 778   1         action46(); delay_ms(300);
 779   1         action47(); delay_ms(300);
 780   1         action48(); delay_ms(300);
 781   1         action49(); delay_ms(300);
 782   1         action50(); delay_ms(300);
 783   1         action51(); delay_ms(300);
 784   1         action52(); delay_ms(300);
 785   1         action53(); delay_ms(300);
 786   1         action54(); delay_ms(300);
 787   1         action55(); delay_ms(300);
 788   1         action55_1(); delay_ms(300);
 789   1         action56(); delay_ms(300);
 790   1         action57(); delay_ms(300);
 791   1         action58(); delay_ms(300);
 792   1         action59(); delay_ms(300);
 793   1         action60(); delay_ms(300);
 794   1      }
 795          
 796          
 797          
 798          void part_three()
C51 COMPILER V9.59.0.0   DUOJI                                                             07/16/2024 15:05:46 PAGE 14  

 799          {
 800   1      ///////////////////////第  一分四十秒开始（这是一个晴朗的早晨）  
 801   1         action60(); delay_ms(300); //站起
 802   1         action61(); delay_ms(300); //看  旗帜
 803   1         action62(); delay_ms(300); //挥
 804   1         action63(); delay_ms(300); 
 805   1         action63(); delay_ms(300); 
 806   1         action65(); delay_ms(300); delay_ms(300);//举高
 807   1         action66(); delay_ms(300); //摇摆
 808   1         action67(); delay_ms(300);//摇摆
 809   1         action68(); delay_ms(300);
 810   1         delay_ms(500);delay_ms(500);
 811   1      /////////////////////////
 812   1         start();delay_ms(500);
 813   1         action1(); delay_ms(500);action1_1();
 814   1         start();delay_ms(500);
 815   1         action2();delay_ms(500); 
 816   1         action2_1();delay_ms(500);
 817   1      //当那一天真的来临
 818   1         biaozhun(); delay_ms(300); //正常  迈开
 819   1         action69();delay_ms(500);delay_ms(500);  delay_ms(500);delay_ms(500);//当那一天真的来临  右胳膊起
 820   1         action70();delay_ms(500); delay_ms(500);delay_ms(500); //左胳膊起
 821   1         action71();delay_ms(300);  //放心
 822   1         action72();delay_ms(300);
 823   1         action71();delay_ms(300);
 824   1         action72();delay_ms(300);
 825   1         action71();delay_ms(300);
 826   1         action72();delay_ms(300);
 827   1         action73();delay_ms(300);
 828   1         ready();delay_ms(300);
 829   1         action3();delay_ms(300);delay_ms(300);
 830   1         action3_1();delay_ms(500);
 831   1         action3_2();delay_ms(500);
 832   1         action3_3();delay_ms(500);
 833   1         action3_2();delay_ms(500);
 834   1         action3_3();delay_ms(500);
 835   1         action3_4();delay_ms(500);delay_ms(500);
 836   1         start3();  delay_ms(500);delay_ms(300);
 837   1         action75();delay_ms(500);
 838   1         action76();delay_ms(500);
 839   1         action77();delay_ms(500);
 840   1         action78();delay_ms(500);
 841   1         action75();delay_ms(500);
 842   1         action79();delay_ms(500);
 843   1         action80();delay_ms(500);
 844   1         action81();delay_ms(300);
 845   1         action82();delay_ms(300);
 846   1         action83();delay_ms(300);
 847   1         action84();delay_ms(300);
 848   1         action83();delay_ms(300);
 849   1         action84();delay_ms(300);
 850   1         action85();delay_ms(300);
 851   1         action79();delay_ms(500);
 852   1         action80();delay_ms(500);
 853   1         action81();delay_ms(300);
 854   1         action82();delay_ms(300);
 855   1         action86();delay_ms(300);
 856   1         action87();delay_ms(300);
 857   1         biaozhun1(); delay_ms(500);delay_ms(500);delay_ms(500);delay_ms(500);delay_ms(500);
 858   1         action1(); delay_ms(500);action1_1();
 859   1      }
 860          //舞蹈时序************************************************************************************************
C51 COMPILER V9.59.0.0   DUOJI                                                             07/16/2024 15:05:46 PAGE 15  

             -*
 861          
 862          void  dancing()
 863          {
 864   1        while(cmd!=0x01)
 865   1        {
 866   2          static unsigned char y=0;
 867   2          switch(y)
 868   2         { 
 869   3           case 0:part_one();break;
 870   3           case 1:part_two();break;
 871   3           case 2:part_three();
 872   3           case 3:cmd=0x01;break;  
 873   3         }
 874   2          y++;
 875   2       }
 876   1      }


MODULE INFORMATION:   STATIC OVERLAYABLE
   CODE SIZE        =  14843    ----
   CONSTANT SIZE    =   ----    ----
   XDATA SIZE       =   ----    ----
   PDATA SIZE       =   ----    ----
   DATA SIZE        =      1       6
   IDATA SIZE       =   ----    ----
   BIT SIZE         =   ----    ----
   EDATA SIZE       =   ----    ----
   HDATA SIZE       =   ----    ----
   XDATA CONST SIZE =   ----    ----
   FAR CONST SIZE   =   ----    ----
END OF MODULE INFORMATION.


C51 COMPILATION COMPLETE.  0 WARNING(S),  0 ERROR(S)
