C51 COMPILER V9.59.0.0   DUOJI                                                             07/16/2024 15:06:14 PAGE 1   


C51 COMPILER V9.59.0.0, COMPILATION OF MODULE DUOJI
OBJECT MODULE PLACED IN .\Objects\duoji.obj
COMPILER INVOKED BY: G:\Keil_v5\C51\BIN\C51.EXE duoji.c OMF2 OPTIMIZE(8,SPEED) BROWSE DEBUG PRINT(.\Listings\duoji.lst) 
                    -TABS(2) OBJECT(.\Objects\duoji.obj)

line level    source

   1          #include "duoji.h"
   2          extern unsigned char xdata Rec_Buf3[14];
   3          extern  unsigned char cmd;
   4          sbit OE1=P0^4;
   5          sbit OE2=P0^5;
   6          //舵机驱动程序***************************************************************************
   7          void a(unsigned char ID,unsigned short int speed,unsigned short int position)
   8          {
   9   1        unsigned char temp_sum=0; 
  10   1        if (position>=0x3ff)
  11   1            position=0x3ff; 
  12   1        if (speed>=0x3ff)
  13   1            speed=0x3ff;    
  14   1        temp_sum=ID + 0x07 + 0x04 + 0x1E + position%256+position/256+speed%256+speed/256;
  15   1        temp_sum=~temp_sum;
  16   1        IE2 &= 0xF7;                     // 串口3中断关闭
  17   1        OE2=0;
  18   1        OE1=1;
  19   1        SendDataByUart3(0XFF);
  20   1        SendDataByUart3(0XFF);
  21   1        SendDataByUart3(ID);
  22   1        SendDataByUart3(0X07);
  23   1        SendDataByUart3(0X04);
  24   1        SendDataByUart3(0X1E);
  25   1        SendDataByUart3(position%256);
  26   1        SendDataByUart3(position/256);  
  27   1        SendDataByUart3(speed%256); 
  28   1        SendDataByUart3(speed/256); 
  29   1        SendDataByUart3(temp_sum);
  30   1        IE2 |= 0x08;                     // 串口3中断打开
  31   1        OE2=1;
  32   1        OE1=0;
  33   1        delay_ms(100);
  34   1      }
  35          void action()
  36          {
  37   1        IE2 &= 0xF7;                     // 串口3中断关闭
  38   1        OE2=0;
  39   1        OE1=1;
  40   1        SendDataByUart3(0XFF);
  41   1        SendDataByUart3(0XFF);
  42   1        SendDataByUart3(0XFE);
  43   1        SendDataByUart3(0X02);
  44   1        SendDataByUart3(0X05);
  45   1        SendDataByUart3(0XFA);
  46   1        IE2 |= 0x08;                     // 串口3中断打开
  47   1        OE2=1;
  48   1        OE1=0;
  49   1      }
  50          //
  51          //舞蹈动作库****************************************************************************
  52          void start()    //立正
  53          {
  54   1      a( 0,400,500);a( 1,400,522);a( 2,400,520);a( 3,400,406);
C51 COMPILER V9.59.0.0   DUOJI                                                             07/16/2024 15:06:14 PAGE 2   

  55   1      a( 4,400,602);a( 5,400,373);a( 6,400,604);a( 7,400,512);
  56   1      a( 8,400,502);a( 9,400,491);a(10,400,604);a(11,400,554);
  57   1      a(12,400,464);a(13,400,487);a(14,400,484);a(15,400,501);
  58   1      a(16,400,484);action();                        
  59   1      }
  60          
  61          void action1()      //敬礼
  62          {
  63   1      a( 9,400,201);a(10,400,596);a(11,400,1023);
  64   1      a(12,400,498);a(13,400,494);a(14,400,487); action();   
  65   1      }
  66          void action1_1()   //敬礼
  67          {
  68   1      a( 9,800,201);a(10,800,599);a(11,800,1023);action();
  69   1      }
  70          
  71          void action2()    //这是一个晴朗的早晨   左手
  72          {
  73   1      a( 1,250,410);a( 2,250,522);a( 3,250,397);
  74   1      a( 4,250,589);a( 5,250,388);a( 6,250,606);a( 7,250,512);
  75   1      a( 8,250,499);a( 9,250,487);a(10,250,746);a(11,250,978);
  76   1      a(12,250,464);a(13,250,485);a(14,250,484);a(15,250,508);
  77   1      a(16,250,497);action();
  78   1      }
  79          
  80          void action2_1()  //右手
  81          {
  82   1      a( 1,250,535);a( 2,250,520);a( 3,250,398);
  83   1      a( 4,250,587);a( 5,250,384);a( 6,250,606);a( 7,250,512);
  84   1      a( 8,250,600);a( 9,250,485);a(10,250,602);a(11,250,563);
  85   1      a(12,250,94); a(13,250,316);a(14,250,484);a(15,250,498);
  86   1      a(16,250,478);action();
  87   1      }
  88          void ready()  //上
  89          {
  90   1      a( 1,100,522);a( 2,100,531);a( 3,100,407);
  91   1      a( 4,100,593);a( 5,100,392);a( 6,100,602);a( 7,100,513);
  92   1      a( 8,100,502);a(15,200,504);a(16,200,479);action();
  93   1      }
  94          void action3()  //下
  95          {
  96   1      a( 1,200,503);a( 2,200,296);a( 3,200,646);a( 4,200,535);
  97   1      a( 5,200,447);a( 6,200,366);a( 7,200,734);a( 8,200,526);
  98   1      a( 9,200,483);a(10,200,594);a(11,200,589);a(12,200,472);
  99   1      a(13,200,481);a(14,200,485);a(15,200,498);a(16,200,516);action();
 100   1      }
 101          void action3_1() //张开
 102          {
 103   1      a( 9,500,488);a(10,500,727);a(11,500,832);
 104   1      a(12,500,185);a(13,500,355);a(14,500,509);action();
 105   1      }
 106          void action3_2()   //左手动
 107          {
 108   1      a( 9,500,488);a(10,500,727);a(11,500,832);
 109   1      a(12,500,181);a(13,500,528);a(14,500,751);action();
 110   1      }
 111          void action3_3()   //右手动
 112          {
 113   1      a( 9,500,309);a(10,500,487);a(11,500,830);
 114   1      a(12,500,194);a(13,500,361);a(14,500,470);action();
 115   1      }
 116          void action3_4()  //下
C51 COMPILER V9.59.0.0   DUOJI                                                             07/16/2024 15:06:14 PAGE 3   

 117          {
 118   1      a( 9,500,483);a(10,500,594);a(11,500,589);a(12,500,472);
 119   1      a(13,500,481);a(14,500,485);a(15,500,498);a(16,500,516);action();
 120   1      }
 121          void action4()  //上
 122          {
 123   1      a( 1,100,522);a( 2,100,531);a( 3,100,407);
 124   1      a( 4,100,593);a( 5,100,392);a( 6,100,602);a( 7,100,513);
 125   1      a( 8,100,502);a(15,200,504);a(16,200,479);action();
 126   1      }
 127          void action5()   //转头   （看那军旗飞舞的方向）
 128          {
 129   1      a( 0,300,377);a( 1,300,504);a( 2,300,520);a( 3,300,427);
 130   1      a( 4,300,613);a( 5,300,361);a( 6,300,565);a( 7,300,525);
 131   1      a( 8,300,509);a( 9,300,378);a(10,300,663);a(11,300,971);
 132   1      a(12,300,311);a(13,300,429);a(14,300,487);a(15,300,490);
 133   1      a(16,300,500);action();
 134   1      }
 135          void action6()  //换手
 136          {
 137   1      a( 0,300,519);a( 9,300,378);a(10,300,490);a(11,300,935);
 138   1      a(12,300,232);a(13,300,562);a(14,300,498);action();
 139   1      }
 140          void action7()  //接替过
 141          {
 142   1      a( 0,300,673);a( 9,300,379);a(10,300,544);a(11,300,796);
 143   1      a(12,300,129);a(13,300,361);a(14,300,495);action();
 144   1      }
 145          void action8()  //前伸
 146          {
 147   1      a( 0,300,510);a( 9,300,453);a(10,300,579);a(11,300,836);
 148   1      a(12,300,210);a(13,300,493);a(14,300,493);action();
 149   1      }
 150          void action9()  //前进的姿态   zuo
 151          {
 152   1      a( 0,500,673);a( 9,500,528);a(10,500,855);a(11,500,323);
 153   1      a(12,500,84); a(13,500,494);a(14,500,694);action();
 154   1      }
 155          void action10()   //前进的姿态  you 
 156          {
 157   1      a( 0,500,411);a( 9,500,277);a(10,500,620);a(11,500,968);
 158   1      a(12,500,682);a(13,500,178);a(14,500,484);action();
 159   1      }
 160          void action10_1()  //扫
 161          {
 162   1      a( 9,500,485);a(10,500,449);a(11,500,864);
 163   1      a(12,500,214);a(13,500,276);a(14,500,492);action();
 164   1      }
 165          void action10_2()  //扫过
 166          {
 167   1      a( 9,400,487);a(10,400,777);a(11,400,864);
 168   1      a(12,400,214);a(13,400,648);a(14,400,492);action();
 169   1      }
 170          void action11() //正常站姿
 171          {
 172   1      a( 0,300,533);a( 9,300,483);a(10,300,583);a(11,300,554);
 173   1      a(12,300,478);a(13,300,500);a(14,300,484);action();
 174   1      }
 175          void action11_1()  //上提
 176          {
 177   1      a( 9,600,371);a(10,600,700);a(11,600,560);
 178   1      a(12,600,471);a(13,600,352);a(14,600,641);action();
C51 COMPILER V9.59.0.0   DUOJI                                                             07/16/2024 15:06:14 PAGE 4   

 179   1      }
 180          void action12()    //更上提
 181          {
 182   1      a( 9,600,245);a(10,600,855);a(11,600,554);
 183   1      a(12,600,478);a(13,600,210);a(14,600,734);action();
 184   1      }
 185          void action12_1()   //ready   下腰
 186          {
 187   1         a( 0,100,500);a( 1,100,522);a( 2,100,520);a( 3,100,406);
 188   1         a( 4,100,602);a( 5,100,373);a( 6,100,604);a( 7,100,512);
 189   1         a( 8,100,502);a( 9,100,491);a(10,100,604);a(11,100,554);
 190   1         a(12,100,464);a(13,100,487);a(14,100,484);a(15,100,501);
 191   1         a(16,100,484);action();    
 192   1      
 193   1      }
 194          void action13()  //下腰  （准备好了吗）
 195          {
 196   1        a(0,150,510); a( 1,150,503);a( 2,150,296);a( 3,150,646);
 197   1        a( 4,150,535);a( 5,150,447);a( 6,200,366);a( 7,200,734);
 198   1        a( 8,150,526);a(9,150,482);a(10,150,600);a(11,150,558);
 199   1        a(12,150,500);a(13,150,484);a(14,150,485);a(15,150,498);
 200   1        a(16,150,516);action();
 201   1      }
 202          
 203          void action14()  //下腰  并且手下地
 204          {
 205   1         a(0,200,510);a(1,200,500); a(2,200,356); a(3,200,453); 
 206   1         a(4,200,217);a(5,200,754); a(6,200,553); a(7,200,684);
 207   1         a(8,200,511);a(9,200,482);a(10,200,554);a(11,300,217);
 208   1         a(12,300,778);a(13,200,475);a(14,200,499);a(15,200,478);
 209   1         a(16,200,502);action();
 210   1      }
 211          void action15()  //左手起  ，右手斜
 212          {
 213   1      a( 9,200,478);a(10,200,555);a(11,200,164);
 214   1      a(12,400,1023);a(13,400,499);a(14,400,494);action();
 215   1      }
 216          void action16()  //左手斜   开枪
 217          {
 218   1      a(12,400,892);a(13,400,499);a(14,400,494);action();
 219   1      }
 220          void action17()   //右手起
 221          {
 222   1      a( 9,400,478);a(10,400,555);a(11,400,022);action();
 223   1      }
 224          void action18()  //支起
 225          {
 226   1         a(0,300,510); a(1,300,521); a(2,300,462); a(3,300,510); 
 227   1         a(4,300,335); a(5,300,650); a(6,300,494); a(7,300,564);
 228   1         a(8,300,506); a(9,300,504);a(10,300,629);a(11,300,205);
 229   1        a(12,300,810);a(13,300,440);a(14,300,483);a(15,300,510);
 230   1        a(16,300,499);action();
 231   1      }
 232          void action19() //抬左腿  
 233          {
 234   1         a(5,300,568); a(6,300,227); a(7,300,626);
 235   1         a(8,300,492);action();
 236   1      }
 237          void action20() //左腿向上
 238          {
 239   1         a(5,300,164);  a(6,300,227); a(7,300,626);
 240   1         a(8,300,492);action();
C51 COMPILER V9.59.0.0   DUOJI                                                             07/16/2024 15:06:14 PAGE 5   

 241   1      }
 242          
 243          void action21()  //左脚点地
 244          {
 245   1         a(5,300,437); a(6,300,539); a(7,300,562);
 246   1         a(8,300,499);action();
 247   1      }
 248          void action22()  //右脚抬起
 249          {
 250   1         a(1,300,521);a( 2,300,541);a( 3,300,802);
 251   1         a( 4,300,674);action();
 252   1      }
 253          void action23()    //右脚向上
 254          {
 255   1      a( 1,350,516);a( 2,350,541);a( 3,350,589);
 256   1      a( 4,350,707);action();
 257   1      }
 258          void action24()  //右脚点地
 259          {
 260   1         a(1,300,515); a(2,300,452); a(3,300,489); 
 261   1         a(4,300,599);action();
 262   1      }
 263          void action24_1()  //前进准备
 264          {
 265   1      a( 9,200,483);a(10,200,594);a(11,200,268);
 266   1      a(12,200,761);a(13,200,490);a(14,200,489);action();
 267   1      }
 268          void action24_2()  //右脚右手
 269          {
 270   1      a( 5,200,386);a( 6,200,341);a( 7,200,752);a( 8,200,522);
 271   1      a( 9,200,484);a(10,200,596);a(11,200,198);action();
 272   1      }
 273          void action24_3()  //左脚左手
 274          {
 275   1      a( 1,200,519);a( 2,200,242);a( 3,200,733);
 276   1      a( 4,200,704);a( 5,200,307);a( 6,200,518);a( 7,200,512);
 277   1      a( 8,200,472);a( 9,200,509);a(10,200,565);a(11,200,284);
 278   1      a(12,200,755);a(13,200,503);a(14,200,481);a(15,200,503);
 279   1      a(16,200,477);action();
 280   1      }
 281          void action24_4()  //guodu
 282          {
 283   1      a( 0,200,533);a( 1,200,518);a( 2,200,469);a( 3,200,508);
 284   1      a( 4,200,653);a( 5,200,360);a( 6,200,559);a( 7,200,576);
 285   1      a( 8,200,504);a( 9,200,495);a(10,200,552);a(11,200,286);
 286   1      a(12,200,782);a(13,200,503);a(14,200,479);a(15,200,509);
 287   1      a(16,200,494);action();
 288   1      }
 289          void action25()  //左右胳膊贴地
 290          {
 291   1         a(0,300,504); a(1,300,514); a(2,300,471); a(3,300,513); 
 292   1         a(4,300,589); a(5,300,426); a(6,300,512); a(7,300,570);
 293   1         a(8,300,499); a( 9,300,501);a(10,300,848);a(11,300,226);
 294   1        a(12,300,822); a(13,300,238);a(14,300,455);a(15,300,506);
 295   1        a(16,300,498);action();
 296   1      }
 297          void action26()  //顺势劈叉
 298          {
 299   1         a(0,300,504);a( 1,300,515);a( 2,300,487);a( 3,300,532);
 300   1        a( 4,300,715);a( 5,300,266);a( 6,300,467);a( 7,300,544);
 301   1        a( 8,300,479); a( 9,300,501);a(10,300,848);a(11,300,226);
 302   1        a(12,300,822); a(13,300,238);a(14,300,455);a(15,300,210);
C51 COMPILER V9.59.0.0   DUOJI                                                             07/16/2024 15:06:14 PAGE 6   

 303   1        a(16,350,779);action();
 304   1      }
 305          void action27()  //双手撑起身体(xie)
 306          {
 307   1         a(1,100,555); a(2,100,641); a(3,100,533);a(4,100,751);
 308   1         a(5,100,181); a(6,100,393); a(7,100,481);a(8,100,525);
 309   1         a( 9,200,509);a(10,200,574);a(11,200,284);
 310   1         a(12,200,775);a(13,200,520);a(14,200,490);action();
 311   1      }
 312          void action28()  //双手撑起身体(zhi)
 313          {
 314   1      a( 1,200,502);a( 2,200,595);a( 3,200,592);
 315   1      a( 4,200,833);a( 5,200,123);a( 6,200,378);a( 7,200,472);
 316   1      a( 8,200,519);a( 9,200,485);a(10,200,596);a(11,200,406);
 317   1      a(12,200,642);a(13,200,530);a(14,200,464);a(15,200,187);
 318   1      a(16,200,807);action();
 319   1      }
 320          void action29()  //左胳膊起
 321          { a(9,500,482);a(10,500,972);a(11,500,353);
 322   1      a(12,400,642);a(13,300,140);a(14,300,464);a(15,300,183);
 323   1      a(16,300,812);action();
 324   1      }
 325          void action30()   //左胳膊zhuan
 326          {
 327   1      a(12,500,554);a(13,500,177);a(14,500,468);action(); 
 328   1      }
 329          void action31()  //左胳膊转
 330          {
 331   1      a(9,500,482);a(10,500,899);a(11,500,867);
 332   1      a(12,500,112);a(13,500,177);a(14,500,468);action();
 333   1      }
 334          
 335          void action34()  //双手合拢
 336          {
 337   1        a( 1,300,502);a( 2,300,594);a( 3,300,591);
 338   1      a( 4,300,833);a( 5,300,123);a( 6,300,378);a( 7,300,472);
 339   1      a( 8,300,519);a(9,400,478);a(10,400,433);a(11,400,867);
 340   1        a(12,400,116);a(13,400,597);a(14,400,560); action();
 341   1      }
 342          void action35()  //放心
 343          {  
 344   1      a( 9,500,485);a(10,500,609);a(11,500,854);
 345   1      a(12,500,171);a(13,600,641);a(14,500,692);action();
 346   1      }
 347          void action36() 
 348          {
 349   1      a(12,500,171);a(13,600,538);a(14,500,692);action();
 350   1      }
 351          void action37()  //前进
 352          {
 353   1      a( 0,200,362);a( 9,200,278);a(10,200,589);a(11,200,920);
 354   1      a(12,200,198);a(13,200,358);a(14,200,484);action();
 355   1      }
 356          void action38()
 357          {
 358   1      a( 0,400,293);a( 9,400,278);a(10,400,572);a(11,400,980);
 359   1      a(12,400,168);a(13,400,269);a(14,400,484);action();
 360   1      }
 361          void action39()  //准备倒  上
 362          {
 363   1       a( 0,200,497);a( 1,200,516);a( 2,200,536);a( 3,200,399);
 364   1      a( 4,200,589);a( 5,200,453);a( 6,200,663);a( 7,200,490);
C51 COMPILER V9.59.0.0   DUOJI                                                             07/16/2024 15:06:14 PAGE 7   

 365   1      a( 8,200,513);a( 9,200,474);a(10,200,586);a(11,200,856);
 366   1      a(12,200,186);a(13,200,478);a(14,200,506);a(15,200,193);
 367   1      a(16,200,809);action();
 368   1      }
 369          void action40()   //前滑  
 370          {
 371   1      a( 9,200,478);a(10,200,571);a(11,200,940);
 372   1      a(12,200,123);a(13,200,495);a(14,200,510);action();
 373   1      }
 374          void action41()   //双脚起
 375          {
 376   1      a( 1,200,558);a( 2,200,499);a( 3,200,479);a( 4,200,360);
 377   1      a( 5,200,658);a( 6,200,591);a( 7,200,487);a( 8,200,488);
 378   1      a( 9,200,500);a(10,200,563);a(13,200,484);a(14,200,500);action();
 379   1      }
 380          void action42()  //双脚转  上
 381          {
 382   1      a( 1,200,509);a( 8,200,509);a(15,200,482);a(16,200,479);action();
 383   1      }
 384          void action43()  //双腿下
 385          {
 386   1      a( 1,200,510);a( 2,200,554);a( 3,200,390);a( 4,200,454);
 387   1      a( 5,200,513);a( 6,200,554);a( 7,200,571);a( 8,200,471);
 388   1      a( 9,200,463);a(10,200,555);a(11,200,794);a(12,200,269);
 389   1      a(13,200,469);a(14,200,561);a(15,200,481);a(16,200,462);action();
 390   1      }
 391          void action44()  //俯卧撑
 392          {
 393   1      a( 1,200,511);a( 2,200,561);a( 3,200,402);
 394   1      a( 4,200,633);a( 5,200,337);a( 6,200,591);a( 7,200,494);
 395   1      a( 8,200,498);a( 9,200,492);a(10,200,576);a(13,200,512);a(14,200,484);action();
 396   1      }
 397          void action45()  //俯卧撑   下
 398          {
 399   1      a( 9,200,308);a(10,200,648);a(11,200,827);
 400   1      a(12,200,217);a(13,200,408);a(14,200,675);action();
 401   1      }
 402          void action46()  //俯卧撑 左右腿
 403          {
 404   1      a( 1,200,510);a( 2,200,545);a( 3,200,452);a( 4,200,624);
 405   1      a( 5,200,363);a( 6,200,556);a( 7,200,484);a( 8,200,506);
 406   1      a( 9,200,480);a(10,200,565);a(11,200,822);a(12,200,230);
 407   1      a(13,200,480);a(14,200,512);a(15,200,437);a(16,200,555);action();
 408   1      }
 409          void action47()   //两胳膊与肩膀平行  向前
 410          {
 411   1      a( 1,200,513);a( 2,200,529);a( 3,200,287);
 412   1      a( 4,200,502);a( 5,200,445);a( 6,200,672);a( 7,200,490);
 413   1      a( 8,200,524);a( 9,200,497);a(10,200,893);a(11,200,852);
 414   1      a(12,200,225);a(13,200,207);a(14,200,452);action();
 415   1      }
 416          void action48()  //两腿两胳膊平行
 417          {
 418   1      a(15,200,195);a(16,200,777);action();
 419   1      }
 420          void action49()  //半起
 421          {
 422   1      a( 1,200,511);a( 2,200,532);a( 3,200,295);
 423   1      a( 4,200,501);a( 5,200,422);a( 6,200,666);a( 7,200,471);
 424   1      a( 8,200,518);a( 9,200,508);a(10,200,544);a(11,200,764);
 425   1      a(12,200,301);a(13,200,514);a(14,200,448);a(15,200,195);
 426   1      a(16,200,788);action();
C51 COMPILER V9.59.0.0   DUOJI                                                             07/16/2024 15:06:14 PAGE 8   

 427   1      }
 428          void action50()   //撑   腿
 429          {
 430   1      a( 9,200,502);a(10,200,563);a(11,200,861);
 431   1      a(12,200,178);a(13,200,509);a(14,200,488);action();
 432   1      }
 433          void action51()  //起
 434          {
 435   1      a( 0,200,492);a( 1,200,509);a( 2,200,533);a( 3,200,292);
 436   1      a( 4,200,497);a( 5,200,211);a( 6,200,459);a( 7,200,474);
 437   1      a( 8,200,520);a( 9,200,510);a(10,200,569);a(11,200,722);
 438   1      a(12,200,173);a(13,200,184);a(14,200,482);a(15,200,195);
 439   1      a(16,200,806);action();
 440   1      }
 441          void action52()
 442          {
 443   1      a( 0,200,661);a( 1,200,509);a( 2,200,533);a( 3,200,292);
 444   1      a( 4,200,497);a( 5,200,211);a( 6,200,459);a( 7,200,474);
 445   1      a( 8,200,520);a( 9,200,509);a(10,200,430);a(11,200,901);
 446   1      a(12,200,170);a(13,200,190);a(14,200,796);a(15,200,195);
 447   1      a(16,200,806);action();
 448   1      }
 449          void action53()  //平行
 450          {
 451   1      a( 0,400,592);a( 1,400,510);a( 2,400,540);a( 3,400,511);
 452   1      a( 4,400,727);a( 5,400,200);a( 6,400,461);a( 7,400,474);
 453   1      a( 8,400,519);a( 9,400,509);a(10,400,858);a(11,400,897);
 454   1      a(12,400,174);a(13,400,209);a(14,400,481);a(15,400,195);
 455   1      a(16,400,806);action();
 456   1      }
 457          void action54()  //平行   后
 458          {
 459   1      a( 9,200,503);a(10,200,865);a(11,200,252);
 460   1      a(12,200,789);a(13,200,238);a(14,200,480);action();
 461   1      }
 462          void action55()
 463          {
 464   1      a( 0,200,590);a( 1,200,511);a( 2,200,460);a( 3,200,398);
 465   1      a( 4,200,615);a( 5,200,376);a( 6,200,682);a( 7,200,472);
 466   1      a( 8,200,515);a( 9,200,503);a(10,200,577);a(11,200,363);
 467   1      a(12,200,680);a(13,200,526);a(14,200,480);a(15,200,186);
 468   1      a(16,200,795);action();
 469   1      }
 470          void action55_1()   //倒
 471          {
 472   1      a( 9,200,505);a(10,200,842);a(11,200,240);
 473   1      a(12,200,806);a(13,200,209);a(14,200,480);action();
 474   1      }
 475          void action56()  //收腿
 476          {
 477   1      a( 1,200,511);a( 2,200,550);a( 3,200,401);
 478   1      a( 4,200,681);a( 5,200,262);a( 6,200,548);a( 7,200,513);
 479   1      a( 8,200,513);a( 9,200,501);a(10,200,855);a(11,200,260);
 480   1      a(12,200,793);a(13,200,204);a(14,200,458);a(15,200,506);
 481   1      a(16,200,490);action();
 482   1      }
 483          void action57()  //弓腿
 484          {
 485   1      a( 1,200,513);a( 2,200,581);a( 3,200,492);
 486   1      a( 4,200,532);a( 5,200,458);a( 6,200,556);a( 7,200,441);
 487   1      a( 8,200,510);a( 9,200,501);a(10,200,859);a(11,200,191);
 488   1      a(12,200,870);a(13,200,198);a(14,200,461);a(15,200,499);
C51 COMPILER V9.59.0.0   DUOJI                                                             07/16/2024 15:06:14 PAGE 9   

 489   1      a(16,200,492);action();
 490   1      
 491   1      }
 492          void action58() //支起
 493          {
 494   1      a( 1,200,519);a( 2,200,622);a( 3,200,485);
 495   1      a( 4,200,491);a( 5,200,467);a( 6,200,511);a( 7,200,406);
 496   1      a( 8,200,510);a( 9,200,498);a(10,200,587);a(11,200,249);
 497   1      a(12,200,810);a(13,200,489);a(14,200,491);a(15,200,495);
 498   1      a(16,200,490);action();
 499   1      }
 500          void action59() //收
 501          {
 502   1      a( 1,200,511);a( 2,200,346);a( 3,200,470);
 503   1      a( 4,200,220);a( 5,200,742);a( 6,200,522);a( 7,200,691);
 504   1      a( 8,200,510);a( 9,200,498);a(10,200,587);a(11,200,269);
 505   1      a(12,200,810);a(13,200,487);a(14,200,491);a(15,200,493);
 506   1      a(16,200,488);action();
 507   1      }
 508          void action60()  //站起
 509          {
 510   1      a( 1,200,514);a( 2,200,535);a( 3,200,291);
 511   1      a( 4,200,483);a( 5,200,474);a( 6,200,666);a( 7,200,529);
 512   1      a( 8,200,516);a( 9,200,501);a(10,200,832);a(11,200,825);
 513   1      a(12,200,249);a(13,200,231);a(14,200,460);a(15,200,501);
 514   1      a(16,200,487);action();
 515   1      }
 516          void action61()  //看  旗帜
 517          {
 518   1      a( 9,200,668);a(10,200,744);a(11,200,947);
 519   1      a(12,200,006);a(13,200,569);a(14,200,485);action();
 520   1      }
 521          void action62()  //挥
 522          {
 523   1      a( 9,200,429);a(10,200,489);a(11,200,946);action();
 524   1      }
 525          void action63()   //正常站姿
 526          {
 527   1      a( 0,200,552);a( 1,200,500);a( 2,200,528);a( 3,200,429);
 528   1      a( 4,200,637);a( 5,200,337);a( 6,200,601);a( 7,200,482);
 529   1      a( 8,200,503);a( 9,200,450);a(10,200,626);a(11,200,579);
 530   1      a(12,200,467);a(13,200,479);a(14,200,484);a(15,200,480);
 531   1      a(16,200,485);action();
 532   1      }
 533          void action64()  //正常  迈开
 534          {
 535   1      a( 0,200,552);a( 1,200,491);a( 2,200,531);a( 3,200,426);
 536   1      a( 4,200,633);a( 5,200,340);a( 6,200,605);a( 7,200,483);
 537   1      a( 8,200,508);a( 9,200,497);a(10,200,622);a(11,200,576);
 538   1      a(12,200,449);a(13,200,481);a(14,200,484);a(15,200,487);
 539   1      a(16,200,487);action();
 540   1      }
 541          void action65()  //举高
 542          {
 543   1      a( 9,200,495);a(10,200,641);a(11,200,1023);
 544   1      a(12,200,15);a(13,200,427);a(14,200,484);action();
 545   1      }
 546          void action66()  //摇摆
 547          {
 548   1       a(10,200,718);a(13,200,603);action();
 549   1      }
 550          void action67()  //摇摆
C51 COMPILER V9.59.0.0   DUOJI                                                             07/16/2024 15:06:14 PAGE 10  

 551          {
 552   1      a( 9,200,495);a(13,200,378);action();
 553   1      }
 554          void action68()  //年轻士兵渴望建立功勋
 555          {
 556   1      a( 0,200,684);a( 9,200,498);a(10,200,815);a(11,200,731);
 557   1      a(12,200,185);a(13,200,594);a(14,200,726);action();
 558   1      }
 559          void  biaozhun()
 560          {
 561   1      a( 0,200,552);a( 1,200,492);a( 2,200,524);a( 3,200,429);
 562   1      a( 4,200,620);a( 5,200,376);a( 6,200,600);a( 7,200,509);
 563   1      a( 8,200,515);a( 9,200,467);a(10,200,591);a(11,200,566);
 564   1      a(12,200,467);a(13,200,481);a(14,200,494);a(15,200,489);
 565   1      a(16,200,497);action();
 566   1      }
 567          void action69() //当那一天真的来临  右胳膊起
 568          {
 569   1      a( 9,200,495);a(10,200,583);a(11,200,971);action();
 570   1      }
 571          void action70() //左胳膊起
 572          {
 573   1      a(11,300,543);a(12,200,262);action();
 574   1      }
 575          void action71()  //放心
 576          {
 577   1      a(12,400,262);a(13,400,615);a(14,400,703);action();
 578   1      }
 579          void action72()  //放心
 580          {
 581   1      a(13,400,459);a(14,400,702);action();
 582   1      }
 583          void action73()  //为了胜利我要勇敢前进
 584          {
 585   1      a( 0,200,552);a( 1,200,500);a( 2,200,509);a( 3,200,428);
 586   1      a( 4,200,582);a( 5,200,398);a( 6,200,599);a( 7,200,515);
 587   1      a( 8,200,516);
 588   1      a( 9,400,464);a(10,400,591);a(11,400,959);
 589   1      a(12,400,90); a(13,400,511);a(14,400,494);a(15,200,491);
 590   1      a(16,200,504);action();
 591   1      }
 592          void action75()  
 593          {
 594   1      a( 0,200,551);a( 1,200,503);a( 2,200,509);a( 3,200,431);
 595   1      a( 4,200,607);a( 5,200,379);a( 6,200,597);a( 7,200,512);
 596   1      a( 8,200,510);
 597   1      a( 9,300,491);a(10,300,678);a(11,300,690);
 598   1      a(12,300,347);a(13,300,392);a(14,300,501);action();
 599   1      }
 600          void action76()   //抱    放心吧祖国，放心吧亲人
 601          {
 602   1      a( 9,200,313);a(10,400,479);a(11,200,820);
 603   1      a(12,400,234);a(13,400,568);a(14,400,741);action();
 604   1      }
 605          void action77()  // 右下左上    为了胜利我会永远前进  
 606          {
 607   1      a( 0,200,551);a( 1,200,503);a( 2,200,523);a( 3,200,432);
 608   1      a( 4,200,627);a( 5,200,363);a( 6,200,597);a( 7,200,506);
 609   1      a( 8,200,510);
 610   1      a( 9,400,315);a(10,400,667);a(11,400,613);
 611   1      a(12,400,003);a(13,400,388);a(14,400,742);action();
 612   1      }
C51 COMPILER V9.59.0.0   DUOJI                                                             07/16/2024 15:06:14 PAGE 11  

 613          void action78()  //右上左下
 614          {
 615   1      a( 0,200,551);a( 1,200,506);a( 2,200,525);a( 3,200,433);
 616   1      a( 4,200,627);a( 5,200,364);a( 6,200,595);a( 7,200,506);
 617   1      a( 8,200,508);
 618   1      a( 9,400,309);a(10,400,631);a(11,400,1043);
 619   1      a(12,400,414);a(13,400,389);a(14,400,742);action();
 620   1      }
 621          void action79()  //准白好了吗
 622          {
 623   1      a( 1,400,494);a( 2,400,523);a( 3,400,447);
 624   1      a( 4,400,643);a( 5,400,347);a( 6,400,579);a( 7,400,506);
 625   1      a( 8,400,519);a( 9,400,490);a(10,400,601);a(11,400,418);
 626   1      a(12,400,160);a(13,400,504);a(14,400,805);a(15,400,474);
 627   1      a(16,400,494);action();
 628   1      }
 629          void action80()
 630          {
 631   1      a( 9,400,491);a(10,400,597);a(11,400,796);
 632   1      a(12,400,554);a(13,400,443);a(14,400,482);action();
 633   1      }
 634          void action81()
 635          {
 636   1      a( 9,400,290);a(10,400,487);action();
 637   1      }
 638          void action82()
 639          {
 640   1      a( 9,200,497);a(10,200,718);a(11,200,582);
 641   1      a(12,200,104);a(13,200,481);a(14,200,480);action();
 642   1      }
 643          void action83()  //放心
 644          {
 645   1      a( 9,400,327);a(10,400,461);a(11,400,814);
 646   1      a(12,400,207);a(13,400,587);a(14,400,682);action();
 647   1      }
 648          void action84()
 649          {
 650   1      a(10,400,580);a(13,400,443);action();
 651   1      }
 652          void action85()
 653          {
 654   1      a( 0,200,701);a( 9,200,330);a(10,200,703);a(11,200,571);
 655   1      a(12,200,85);a(13,200,381);a(14,200,682);action();
 656   1      }
 657          void action86()
 658          {
 659   1      a( 9,200,499);a(10,200,834);a(11,200,407);
 660   1      a(12,200,164);a(13,200,473);a(14,200,818);action();
 661   1      }
 662          void action87()
 663          { 
 664   1      a( 1,200,484);a( 2,200,523);a( 3,200,444);
 665   1      a( 4,200,633);a( 5,200,346);a( 6,200,580);a( 7,200,500);
 666   1      a( 8,200,513);a( 9,200,498);a(10,200,834);a(11,200,408);
 667   1      a(12,200,94);a(13,200,472);a(14,200,817);a(15,200,429);
 668   1      a(16,200,457);action();
 669   1      }
 670          void part_one()
 671          {
 672   1      //////////////////到和平年代还有激荡的风云
 673   1        start();delay_ms(300);
 674   1        action1();  delay_ms(500);action1_1();
C51 COMPILER V9.59.0.0   DUOJI                                                             07/16/2024 15:06:14 PAGE 12  

 675   1        start();delay_ms(500);
 676   1        action2();delay_ms(500); 
 677   1        action2_1();delay_ms(500);
 678   1        start();delay_ms(500);
 679   1        action3();delay_ms(500);delay_ms(500);
 680   1        action3_1();delay_ms(500);
 681   1        action3_2();delay_ms(500);
 682   1        action3_3();delay_ms(500);
 683   1        action3_2();delay_ms(500);
 684   1        action3_3();delay_ms(500);
 685   1        action3_4();delay_ms(500);delay_ms(500);
 686   1        action4();delay_ms(500);
 687   1      
 688   1      /////////////////////看那军旗飞舞的方向
 689   1         
 690   1         action5();delay_ms(500);
 691   1         action6();delay_ms(500);
 692   1         action7();delay_ms(500);delay_ms(500);
 693   1         action8();delay_ms(250);
 694   1         action9();delay_ms(500);
 695   1         action8();delay_ms(500);
 696   1         action10();delay_ms(500);
 697   1         action8();delay_ms(500);
 698   1         action10_1();delay_ms(500);
 699   1         action10_2();delay_ms(500);delay_ms(250);
 700   1         action8();
 701   1         action11();delay_ms(500);
 702   1         action11_1();delay_ms(500);
 703   1         action11();delay_ms(500);
 704   1         action12();delay_ms(500);
 705   1         action11();delay_ms(100);
 706   1         action12_1();delay_ms(100);
 707   1      
 708   1      /////////////////////////准备好了吗，士兵兄弟们。
 709   1      
 710   1         action13();   delay_ms(500);
 711   1         action14();   delay_ms(500);
 712   1         action15();   delay_ms(200);
 713   1         action16();   delay_ms(200);
 714   1         action17();   delay_ms(200);
 715   1         action15();   delay_ms(200);
 716   1         action16();   delay_ms(200);
 717   1         action18();   delay_ms(200);
 718   1         action19();   delay_ms(200);
 719   1         action20();   delay_ms(200);
 720   1         action21();   delay_ms(200);
 721   1         action22();   delay_ms(200);
 722   1         action23();   delay_ms(100);
 723   1         action24();   delay_ms(100);
 724   1         action24_1();   delay_ms(200);
 725   1         action24_2();   delay_ms(200);
 726   1         action24_3();   delay_ms(50);
 727   1         action24_4();   delay_ms(200);
 728   1         action25();   delay_ms(200);
 729   1         action26();   delay_ms(500);
 730   1         action27();   delay_ms(500);
 731   1         action28();   delay_ms(500);
 732   1         action29();   delay_ms(500);
 733   1         action30();   delay_ms(500);
 734   1         action31();   delay_ms(500);
 735   1         action34();   delay_ms(500);
 736   1         action35();   
C51 COMPILER V9.59.0.0   DUOJI                                                             07/16/2024 15:06:14 PAGE 13  

 737   1         action36();   
 738   1         action35();   
 739   1         action36();   
 740   1         action35();   
 741   1         action36();   delay_ms(300);
 742   1         action37();   delay_ms(300);
 743   1         action38();   delay_ms(300);
 744   1         action39();   delay_ms(300);
 745   1         action40();   delay_ms(300);
 746   1         action41();   delay_ms(300);
 747   1         action42();   delay_ms(300);
 748   1         action43();   delay_ms(300);
 749   1         action44();   delay_ms(300);
 750   1         action45();   delay_ms(300);
 751   1         action44();   delay_ms(300);
 752   1         action45();   delay_ms(300);
 753   1         action44();   delay_ms(300); 
 754   1      }
 755          void part_two()
 756          {
 757   1         action43(); delay_ms(300);
 758   1         action44(); delay_ms(300);
 759   1         action46(); delay_ms(300);
 760   1         action47(); delay_ms(300);
 761   1         action48(); delay_ms(300);
 762   1         action49(); delay_ms(300);
 763   1         action50(); delay_ms(300);
 764   1         action51(); delay_ms(300);
 765   1         action52(); delay_ms(300);
 766   1         action53(); delay_ms(300);
 767   1         action54(); delay_ms(300);
 768   1         action55(); delay_ms(300);
 769   1         action55_1(); delay_ms(300);
 770   1         action56(); delay_ms(300);
 771   1         action57(); delay_ms(300);
 772   1         action58(); delay_ms(300);
 773   1         action59(); delay_ms(300);
 774   1         action60(); delay_ms(300);
 775   1      }
 776          
 777          
 778          
 779          void part_three()
 780          {
 781   1      ///////////////////////////第  一分四十秒开始（这是一个晴朗的早晨）  
 782   1         action60(); delay_ms(300); //站起
 783   1         action61(); delay_ms(300); //看  旗帜
 784   1         action62(); delay_ms(300); //挥
 785   1         action63(); delay_ms(300); //正常站姿
 786   1         action64(); delay_ms(300); //正常  迈开
 787   1         action65(); delay_ms(300); //举高
 788   1         action66(); delay_ms(300); //摇摆
 789   1         action67(); delay_ms(300);//摇摆
 790   1         action68(); delay_ms(300);
 791   1         delay_ms(500);delay_ms(500);
 792   1      /////////////////////////
 793   1         start();delay_ms(500);
 794   1         action1(); delay_ms(500);action1_1();
 795   1         start();delay_ms(500);
 796   1         action2();delay_ms(500); 
 797   1         action2_1();delay_ms(500);
 798   1      ///当那一天真的来临
C51 COMPILER V9.59.0.0   DUOJI                                                             07/16/2024 15:06:14 PAGE 14  

 799   1         biaozhun(); delay_ms(300); //正常  迈开
 800   1         action69();delay_ms(500);delay_ms(500);  delay_ms(500);delay_ms(500);//当那一天真的来临  右胳膊起
 801   1         action70();delay_ms(500); delay_ms(500);delay_ms(500); //左胳膊起
 802   1         action71();delay_ms(300);  //放心
 803   1         action72();delay_ms(300);
 804   1         action71();delay_ms(300);
 805   1         action72();delay_ms(300);
 806   1         action71();delay_ms(300);
 807   1         action72();delay_ms(300);
 808   1         action73();delay_ms(300);
 809   1         ready();delay_ms(300);
 810   1         action3();delay_ms(300);delay_ms(300);
 811   1         action3_1();delay_ms(500);
 812   1         action3_2();delay_ms(500);
 813   1         action3_3();delay_ms(500);
 814   1         action3_2();delay_ms(500);
 815   1         action3_3();delay_ms(500);
 816   1         action3_4();delay_ms(500);delay_ms(500);
 817   1         action4();  delay_ms(500);delay_ms(300);
 818   1         action75();delay_ms(500);
 819   1         action76();delay_ms(500);
 820   1         action77();delay_ms(500);
 821   1         action78();delay_ms(500);
 822   1         action75();delay_ms(500);
 823   1         action79();delay_ms(500);
 824   1         action80();delay_ms(500);
 825   1         action81();delay_ms(300);
 826   1         action82();delay_ms(300);
 827   1         action83();delay_ms(300);
 828   1         action84();delay_ms(300);
 829   1         action83();delay_ms(300);
 830   1         action84();delay_ms(300);
 831   1         action85();delay_ms(300);
 832   1         action79();delay_ms(500);
 833   1         action80();delay_ms(500);
 834   1         action81();delay_ms(300);
 835   1         action82();delay_ms(300);
 836   1         action86();delay_ms(300);
 837   1         action87();delay_ms(300);
 838   1         biaozhun(); delay_ms(500);delay_ms(500);delay_ms(500);delay_ms(500);delay_ms(500);
 839   1         action1(); delay_ms(500);action1_1();
 840   1      
 841   1      }
 842          
 843          //舞蹈时序************************************************************************************************
             -*
 844          void  dancing()
 845          { 
 846   1        part_one();
 847   1        part_two();  //最后一个动作：支起
 848   1        part_three();
 849   1        start();
 850   1        cmd=0x01;
 851   1       }


MODULE INFORMATION:   STATIC OVERLAYABLE
   CODE SIZE        =  14468    ----
   CONSTANT SIZE    =   ----    ----
   XDATA SIZE       =   ----    ----
   PDATA SIZE       =   ----    ----
   DATA SIZE        =   ----       6
C51 COMPILER V9.59.0.0   DUOJI                                                             07/16/2024 15:06:14 PAGE 15  

   IDATA SIZE       =   ----    ----
   BIT SIZE         =   ----    ----
   EDATA SIZE       =   ----    ----
   HDATA SIZE       =   ----    ----
   XDATA CONST SIZE =   ----    ----
   FAR CONST SIZE   =   ----    ----
END OF MODULE INFORMATION.


C51 COMPILATION COMPLETE.  0 WARNING(S),  0 ERROR(S)
