C51 COMPILER V9.59.0.0   DUOJI                                                             07/16/2024 15:05:21 PAGE 1   


C51 COMPILER V9.59.0.0, COMPILATION OF MODULE DUOJI
OBJECT MODULE PLACED IN .\Objects\duoji.obj
COMPILER INVOKED BY: G:\Keil_v5\C51\BIN\C51.EXE duoji.c OMF2 OPTIMIZE(8,SPEED) BROWSE DEBUG PRINT(.\Listings\duoji.lst) 
                    -TABS(2) OBJECT(.\Objects\duoji.obj)

line level    source

   1          #include "duoji.h"
   2          extern unsigned char xdata Rec_Buf3[14];
   3          extern  unsigned char cmd;
   4          sbit OE1=P0^4;
   5          sbit OE2=P0^5;
   6          //舵机驱动程序***************************************************************************
   7          void a(unsigned char ID,unsigned short int speed,unsigned short int position)
   8          {
   9   1        unsigned char temp_sum=0; 
  10   1        if (position>=0x3ff)
  11   1            position=0x3ff; 
  12   1        if (speed>=0x3ff)
  13   1            speed=0x3ff;    
  14   1        temp_sum=ID + 0x07 + 0x04 + 0x1E + position%256+position/256+speed%256+speed/256;
  15   1        temp_sum=~temp_sum;
  16   1        IE2 &= 0xF7;                     // 串口3中断关闭
  17   1        OE2=0;
  18   1        OE1=1;
  19   1        SendDataByUart3(0XFF);
  20   1        SendDataByUart3(0XFF);
  21   1        SendDataByUart3(ID);
  22   1        SendDataByUart3(0X07);
  23   1        SendDataByUart3(0X04);
  24   1        SendDataByUart3(0X1E);
  25   1        SendDataByUart3(position%256);
  26   1        SendDataByUart3(position/256);  
  27   1        SendDataByUart3(speed%256); 
  28   1        SendDataByUart3(speed/256); 
  29   1        SendDataByUart3(temp_sum);
  30   1        IE2 |= 0x08;                     // 串口3中断打开
  31   1        OE2=1;
  32   1        OE1=0;
  33   1        delay_ms(100);
  34   1      }
  35          void action()
  36          {
  37   1        IE2 &= 0xF7;                     // 串口3中断关闭
  38   1        OE2=0;
  39   1        OE1=1;
  40   1        SendDataByUart3(0XFF);
  41   1        SendDataByUart3(0XFF);
  42   1        SendDataByUart3(0XFE);
  43   1        SendDataByUart3(0X02);
  44   1        SendDataByUart3(0X05);
  45   1        SendDataByUart3(0XFA);
  46   1        IE2 |= 0x08;                     // 串口3中断打开
  47   1        OE2=1;
  48   1        OE1=0;
  49   1      }
  50          //舞蹈动作库****************************************************************************
  51             //抱    放心吧祖国，放心吧亲人
  52          void start()
  53          {
  54   1      a( 0,200,505);a( 1,200,519);a( 2,200,522);a( 3,200,441);
C51 COMPILER V9.59.0.0   DUOJI                                                             07/16/2024 15:05:21 PAGE 2   

  55   1      a( 4,200,661);a( 5,200,340);a( 6,200,577);a( 7,200,500);
  56   1      a( 8,200,508);a( 9,200,512);a(10,200,576);a(11,200,553);
  57   1      a(12,200,454);a(13,200,501);a(14,200,483);a(15,200,487);
  58   1      a(16,200,472);action();
  59   1      }
  60          void action1()      //敬礼
  61          {
  62   1      a( 9,400,201);a(10,400,596);a(11,400,1023);
  63   1      a(12,400,498);a(13,400,494);a(14,400,487); action();   
  64   1      }
  65          void action1_1()   //敬礼
  66          {
  67   1      a( 9,800,201);a(10,800,599);a(11,800,1023);action();
  68   1      }
  69          
  70          void action2()    //这是一个晴朗的早晨   左手
  71          {
  72   1      a( 1,250,410);a( 2,250,522);a( 3,250,441);
  73   1      a( 4,250,661);a( 5,250,340);a( 6,250,577);a( 7,250,500);
  74   1      a( 8,250,499);a( 9,250,487);a(10,250,746);a(11,250,978);
  75   1      a(12,250,464);a(13,250,485);a(14,250,484);a(15,250,487);
  76   1      a(16,250,472);action();
  77   1      }
  78          void action2_1()  //右手
  79          {
  80   1      a( 1,250,535);a( 2,250,522);a( 3,250,441);
  81   1      a( 4,250,661);a( 5,250,340);a( 6,250,577);a( 7,250,500);
  82   1      a( 8,250,600);a( 9,250,485);a(10,250,602);a(11,250,563);
  83   1      a(12,250,94); a(13,250,316);a(14,250,484);a(15,250,487);
  84   1      a(16,250,472);action();
  85   1      }
  86          void ready()  //上
  87          {
  88   1      a( 1,100,511);a( 2,100,531);a( 3,100,407);
  89   1      a( 4,100,593);a( 5,100,392);a( 6,100,602);a( 7,100,513);
  90   1      a( 8,100,523);a(15,200,504);a(16,200,479);action();
  91   1      }
  92          void action3()  //下
  93          {
  94   1      a( 1,100,516);a( 2,100,296);a( 3,100,646);a( 4,100,535);
  95   1      a( 5,100,447);a( 6,100,366);a( 7,100,734);a( 8,100,535);
  96   1      a( 9,100,483);a(10,100,594);a(11,100,589);a(12,100,472);
  97   1      a(13,100,481);a(14,100,485);a(15,100,498);a(16,100,516);action();
  98   1      }
  99          //void action3()  //下
 100          //{
 101          //a( 1,100,516);a( 2,100,312);a( 3,100,654);a( 4,100,548);
 102          //a( 5,100,455);a( 6,100,343);a( 7,100,726);a( 8,100,535);
 103          //a( 9,100,483);a(10,100,594);a(11,100,589);a(12,100,472);
 104          //a(13,100,481);a(14,100,485);a(15,100,498);a(16,100,516);action();
 105          //}
 106          void action3_1() //张开
 107          {
 108   1      a( 9,300,488);a(10,300,727);a(11,300,832);
 109   1      a(12,300,185);a(13,300,355);a(14,300,509);action();
 110   1      }
 111          void action3_2()   //左手动
 112          {
 113   1      a( 9,500,488);a(10,500,727);a(11,500,832);
 114   1      a(12,500,181);a(13,500,528);a(14,500,751);action();
 115   1      }
 116          void action3_3()   //右手动
C51 COMPILER V9.59.0.0   DUOJI                                                             07/16/2024 15:05:21 PAGE 3   

 117          {
 118   1      a( 9,500,309);a(10,500,487);a(11,500,830);
 119   1      a(12,500,194);a(13,500,361);a(14,500,470);action();
 120   1      }
 121          void action3_4()  //下
 122          {
 123   1      a( 9,500,483);a(10,500,594);a(11,500,589);a(12,500,472);
 124   1      a(13,500,481);a(14,500,485);a(15,500,498);a(16,500,516);action();
 125   1      }
 126          void action4_1()  //上
 127          {
 128   1      a( 1,100,522);a( 2,100,531);a( 3,100,407);
 129   1      a( 4,100,593);a( 5,100,392);a( 6,100,602);a( 7,100,513);
 130   1      a( 8,100,502);a(15,200,504);a(16,200,479);action();
 131   1      }
 132          void action4()
 133          {
 134   1      a( 1,200,522);a( 2,200,531);a( 3,200,407);
 135   1      a( 4,200,593);a( 5,200,392);a( 6,200,602);a( 7,200,513);
 136   1      a( 8,200,502);a( 9,200,491);a(10,200,604);a(11,200,554);
 137   1      a(12,200,464);a(13,200,487);a(14,200,484);a(15,200,504);
 138   1      a(16,200,479);action();
 139   1      
 140   1      }
 141          void action5()   //转头   （看那军旗飞舞的方向）
 142          {
 143   1      a( 0,300,377);a( 1,300,504);a( 2,300,520);a( 3,300,427);
 144   1      a( 4,300,613);a( 5,300,361);a( 6,300,565);a( 7,300,525);
 145   1      a( 8,300,509);a( 9,300,378);a(10,300,663);a(11,300,971);
 146   1      a(12,300,311);a(13,300,429);a(14,300,487);a(15,300,490);
 147   1      a(16,300,500);action();
 148   1      }
 149          void action6()  //换手
 150          {
 151   1      a( 0,300,519);a( 9,300,378);a(10,300,490);a(11,300,935);
 152   1      a(12,300,232);a(13,300,562);a(14,300,498);action();
 153   1      }
 154          void action7()  //接替过
 155          {
 156   1      a( 0,300,673);a( 9,300,379);a(10,300,544);a(11,300,796);
 157   1      a(12,300,129);a(13,300,361);a(14,300,495);action();
 158   1      }
 159          void action8()  //前伸
 160          {
 161   1      a( 0,300,510);a( 9,300,453);a(10,300,579);a(11,300,836);
 162   1      a(12,300,210);a(13,300,493);a(14,300,493);action();
 163   1      }
 164          void action9()  //前进的姿态   zuo
 165          {
 166   1      a( 0,500,673);a( 9,500,528);a(10,500,855);a(11,500,323);
 167   1      a(12,500,84); a(13,500,494);a(14,500,694);action();
 168   1      }
 169          void action10()   //前进的姿态  you 
 170          {
 171   1      a( 0,500,411);a( 9,500,277);a(10,500,620);a(11,500,968);
 172   1      a(12,500,682);a(13,500,178);a(14,500,484);action();
 173   1      }
 174          void action10_1()  //扫
 175          {
 176   1      a( 9,500,485);a(10,500,449);a(11,500,864);
 177   1      a(12,500,214);a(13,500,276);a(14,500,492);action();
 178   1      }
C51 COMPILER V9.59.0.0   DUOJI                                                             07/16/2024 15:05:21 PAGE 4   

 179          void action10_2()  //扫过
 180          {
 181   1      a( 9,400,487);a(10,400,777);a(11,400,864);
 182   1      a(12,400,214);a(13,400,648);a(14,400,492);action();
 183   1      }
 184          void action11()
 185          {  a( 0,300,533);a( 9,300,483);a(10,300,583);a(11,300,554);
 186   1         a(12,300,478);a(13,300,500);a(14,300,484);action();
 187   1      }
 188          void action11_1()  //上提
 189          {
 190   1      a( 9,600,371);a(10,600,700);a(11,600,560);
 191   1      a(12,600,471);a(13,600,352);a(14,600,641);action();
 192   1      }
 193          void action12()    //更上提
 194          {
 195   1      a( 9,600,245);a(10,600,855);a(11,600,554);
 196   1      a(12,600,478);a(13,600,210);a(14,600,734);action();
 197   1      }
 198          void action12_1()
 199          {
 200   1      a( 0,100,505);a( 1,100,519);a( 2,100,522);a( 3,100,441);
 201   1      a( 4,100,661);a( 5,100,340);a( 6,100,577);a( 7,100,500);
 202   1      a( 8,100,508);a( 9,100,512);a(10,100,576);a(11,100,553);
 203   1      a(12,100,454);a(13,100,501);a(14,100,483);a(15,100,487);
 204   1      a(16,100,472);action();
 205   1      }
 206          void action13()  //下腰  （准备好了吗）
 207          {
 208   1      a(0,150,510);a( 1,150,511);a( 2,150,296);a( 3,150,646);a( 4,150,535);
 209   1      a( 5,150,447);a( 6,150,366);a( 7,150,734);a( 8,150,523);
 210   1      a(9,150,482);a(10,150,600);a(11,150,558);
 211   1      a(12,150,500);a(13,150,484);a(14,150,485);
 212   1         action();
 213   1      }
 214          void action14()  //下腰  并且手下地
 215          {
 216   1         a( 0,200,532);a(1,200,500); a(2,200,356); a(3,200,453); 
 217   1         a(4,200,217);a(5,200,754); a(6,200,553); a(7,200,684);
 218   1         a(8,200,511);a( 9,200,501);a(10,200,612);a(11,300,257);
 219   1         a(12,300,790);a(13,200,472);a(14,200,490);a(15,200,478);
 220   1         a(16,200,502);action();
 221   1      }
 222          void action15()  //左手起  ，右手斜
 223          {
 224   1      a( 9,200,478);a(10,200,555);a(11,200,164);
 225   1      a(12,400,1023);a(13,400,499);a(14,400,494);action();
 226   1      }
 227          void action16()  //左手斜   开枪
 228          {
 229   1      a(12,400,892);a(13,400,499);a(14,400,494);action();
 230   1      }
 231          void action17()   //右手起
 232          {
 233   1      a( 9,400,478);a(10,400,555);a(11,400,022);action();
 234   1      }
 235          void action18()  //支起
 236          {
 237   1         a(0,300,510); a(1,300,521); a(2,300,462); a(3,300,510); 
 238   1         a(4,300,335); a(5,300,650); a(6,300,494); a(7,300,564);
 239   1         a(8,300,506); a(9,300,504);a(10,300,629);a(11,300,205);
 240   1        a(12,300,810);a(13,300,440);a(14,300,483);a(15,300,510);
C51 COMPILER V9.59.0.0   DUOJI                                                             07/16/2024 15:05:21 PAGE 5   

 241   1        a(16,300,499);action();
 242   1      }
 243          void action19() //抬左腿  
 244          {
 245   1         a(5,300,568); a(6,300,227); a(7,300,626);
 246   1         a(8,300,492);action();
 247   1      }
 248          void action20() //左腿向上
 249          {
 250   1         a(5,300,164);  a(6,300,227); a(7,300,626);
 251   1         a(8,300,492);action();
 252   1      }
 253          
 254          void action21()  //左脚点地
 255          {
 256   1         a(5,300,437); a(6,300,539); a(7,300,562);
 257   1         a(8,300,499);action();
 258   1      }
 259          void action22()  //右脚抬起
 260          {
 261   1         a(1,300,521); a(2,300,397); a(3,300,838); 
 262   1         a(4,300,538);action();
 263   1      }
 264          void action23()   //右脚向上
 265          {
 266   1       a( 1,400,519);a( 2,400,453);a( 3,400,724);
 267   1       a( 4,400,844);action();
 268   1      }
 269          void action24()  //右脚点地
 270          {
 271   1      a( 1,300,519);a( 2,300,447);a( 3,300,484);
 272   1      a( 4,300,587);action();
 273   1      }
 274          void action24_1()  //前进准备
 275          {
 276   1      a( 9,200,483);a(10,200,594);a(11,200,268);
 277   1      a(12,200,761);a(13,200,490);a(14,200,489);action();
 278   1      }
 279          void action24_2()  //右脚右手
 280          {
 281   1      a( 5,200,386);a( 6,200,341);a( 7,200,752);a( 8,200,522);
 282   1      a( 9,200,484);a(10,200,596);a(11,200,198);action();
 283   1      }
 284          void action24_3()  //左脚左手
 285          {
 286   1      a( 1,200,519);a( 2,200,242);a( 3,200,733);
 287   1      a( 4,200,704);a( 5,200,307);a( 6,200,518);a( 7,200,512);
 288   1      a( 8,200,472);a( 9,200,484);a(10,200,592);a(11,200,291);
 289   1      a(12,200,827);a(13,200,508);a(14,200,489);a(15,200,503);
 290   1      a(16,200,477);action();
 291   1      
 292   1      }
 293          void action24_4()  //guodu
 294          {
 295   1      a( 0,200,533);a( 1,200,518);a( 2,200,469);a( 3,200,508);
 296   1      a( 4,200,653);a( 5,200,360);a( 6,200,559);a( 7,200,576);
 297   1      a( 8,200,504);a( 9,200,495);a(10,200,552);a(11,200,286);
 298   1      a(12,200,782);a(13,200,503);a(14,200,479);a(15,200,509);
 299   1      a(16,200,494);action();
 300   1      }
 301          void action25()  //左右胳膊贴地
 302          {
C51 COMPILER V9.59.0.0   DUOJI                                                             07/16/2024 15:05:21 PAGE 6   

 303   1        a(0,300,504); a(1,300,514); a(2,300,471); a(3,300,513); 
 304   1        a(4,300,589); a(5,300,426); a(6,300,512); a(7,300,570);
 305   1        a(8,300,499); a( 9,300,501);a(10,300,848);a(11,300,226);
 306   1        a(12,300,822); a(13,300,238);a(14,300,455);a(15,300,506);
 307   1        a(16,300,498);action();
 308   1      }
 309          void action26()  //顺势劈叉
 310          {
 311   1         a(0,300,504);a( 1,300,515);a( 2,300,487);a( 3,300,532);
 312   1        a( 4,300,715);a( 5,300,266);a( 6,300,467);a( 7,300,544);
 313   1        a( 8,300,479); a( 9,300,501);a(10,300,848);a(11,300,226);
 314   1        a(12,300,822); a(13,300,238);a(14,300,455);a(15,300,210);
 315   1        a(16,350,779);action();
 316   1      }
 317          void action27()  //双手撑起身体(xie)
 318          {
 319   1         a(1,100,555); a(2,100,641); a(3,100,533);a(4,100,751);
 320   1         a(5,100,181); a(6,100,393); a(7,100,481);a(8,100,525);
 321   1         a( 9,200,509);a(10,200,574);a(11,200,284);
 322   1         a(12,200,775);a(13,200,520);a(14,200,490);action();
 323   1      }
 324          void action28()  //双手撑起身体(zhi)
 325          {
 326   1      a( 1,200,506);a( 2,200,526);a( 3,200,631);
 327   1      a( 4,200,861);a( 5,200,145);a( 6,200,387);a( 7,200,490);
 328   1      a( 8,200,519);a( 9,200,485);a(10,200,596);a(11,200,406);
 329   1      a(12,200,642);a(13,200,530);a(14,200,464);a(15,200,187);
 330   1      a(16,200,807);action();
 331   1      }
 332          void action29()  //左胳膊起
 333          { a(9,500,482);a(10,500,972);a(11,500,353);
 334   1      a(12,400,642);a(13,300,140);a(14,300,464);a(15,300,183);
 335   1      a(16,300,812);action();
 336   1      }
 337          void action30()   //左胳膊zhuan
 338          {
 339   1      a(12,500,554);a(13,500,177);a(14,500,468);action(); 
 340   1      }
 341          void action31()  //左胳膊转
 342          {
 343   1      a(9,500,482);a(10,500,899);a(11,500,867);
 344   1      a(12,500,112);a(13,500,177);a(14,500,468);action();
 345   1      }
 346          void action34()  //双手合拢
 347          {
 348   1        a( 1,300,506);a( 2,300,526);a( 3,300,631);
 349   1        a( 4,300,861);a( 5,300,145);a( 6,300,387);a( 7,300,490);
 350   1        a( 8,300,519);a(9,400,478);a(10,400,433);a(11,400,867);
 351   1        a(12,400,116);a(13,400,597);a(14,400,560); action();
 352   1      }
 353          void action35()  //放心
 354          {  
 355   1      a( 9,500,485);a(10,500,609);a(11,500,854);
 356   1      a(12,500,171);a(13,600,641);a(14,500,692);action();
 357   1      }
 358          void action36() 
 359          {
 360   1      a(12,500,171);a(13,600,538);a(14,500,692);action();
 361   1      }
 362          void action37()  //前进
 363          {
 364   1      a( 0,200,362);a( 9,200,278);a(10,200,589);a(11,200,920);
C51 COMPILER V9.59.0.0   DUOJI                                                             07/16/2024 15:05:21 PAGE 7   

 365   1      a(12,200,198);a(13,200,358);a(14,200,484);action();
 366   1      }
 367          void action38()
 368          {
 369   1      a( 0,400,293);a( 9,400,278);a(10,400,572);a(11,400,980);
 370   1      a(12,400,168);a(13,400,269);a(14,400,484);action();
 371   1      }
 372          //void action39()  //准备倒  上
 373          //{
 374          //a( 0,200,497);a( 1,200,516);a( 2,200,529);a( 3,200,451);
 375          //a( 4,200,645);a( 5,200,370);a( 6,200,614);a( 7,200,462);
 376          //a( 8,200,464);a( 9,200,519);a(10,200,564);a(11,200,930);
 377          //a(12,200,112);a(13,200,493);a(14,200,506);a(15,200,181);
 378          //a(16,200,747);action();
 379          //}
 380          void action39()
 381          {
 382   1      a( 0,200,497);a( 1,200,516);a( 2,200,529);a( 3,200,451);
 383   1      a( 4,200,645);a( 5,200,370);a( 6,200,614);a( 7,200,462);
 384   1      a( 8,200,464);a( 9,200,475);a(10,200,566);a(11,200,908);
 385   1      a(12,200,157);a(13,200,495);a(14,200,508);a(15,200,181);
 386   1      a(16,200,747);action();
 387   1      }
 388          void action40()   //前滑  
 389          {
 390   1      a( 9,200,478);a(10,200,571);a(11,200,940);
 391   1      a(12,200,123);a(13,200,495);a(14,200,510);action();
 392   1      }
 393          void action41()   //双脚起
 394          {
 395   1      a( 1,200,511);a( 2,200,522);a( 3,200,541);
 396   1      a( 4,200,439);a( 5,200,542);a( 6,200,479);a( 7,200,488);
 397   1      a( 8,200,508);a( 9,200,525);a(10,200,563);a(13,200,481);a(14,200,487);action();
 398   1      
 399   1      }
 400          void action42()  //双脚转  上
 401          {
 402   1      a( 1,200,511);a( 8,200,505);a(15,200,485);a(16,200,485);action();
 403   1      }
 404          void action43()  //双腿下
 405          {
 406   1      a( 1,200,510);a( 2,200,554);a( 3,200,390);a( 4,200,454);
 407   1      a( 5,200,513);a( 6,200,554);a( 7,200,571);a( 8,200,471);
 408   1      a( 9,200,525);a(10,200,563);a(11,200,819);
 409   1      a(12,200,226);a(13,200,481);a(14,200,487);a(15,200,481);a(16,200,462);action();
 410   1      }
 411          void action44()  //俯卧撑
 412          {
 413   1      a( 1,200,508);a( 2,200,564);a( 3,200,407);
 414   1      a( 4,200,637);a( 5,200,345);a( 6,200,589);a( 7,200,483);
 415   1      a( 8,200,510);a( 9,200,514);a(10,200,573);a(13,200,501);a(14,200,497);action();
 416   1      }
 417          void action45()  //俯卧撑   下
 418          {
 419   1      a( 9,200,292);a(10,200,662);a(11,200,812);
 420   1      a(12,200,236);a(13,200,347);a(14,200,756);action();
 421   1      }
 422          void action46()  //俯卧撑 左右腿
 423          {
 424   1      a( 1,200,510);a( 2,200,545);a( 3,200,452);a( 4,200,624);
 425   1      a( 5,200,363);a( 6,200,556);a( 7,200,484);a( 8,200,506);
 426   1      a( 9,200,480);a(10,200,565);a(11,200,822);a(12,200,230);
C51 COMPILER V9.59.0.0   DUOJI                                                             07/16/2024 15:05:21 PAGE 8   

 427   1      a(13,200,480);a(14,200,512);a(15,200,437);a(16,200,555);action();
 428   1      }
 429          void action47()   //两胳膊与肩膀平行  向前
 430          {
 431   1      a( 1,200,513);a( 2,200,529);a( 3,200,287);
 432   1      a( 4,200,502);a( 5,200,445);a( 6,200,672);a( 7,200,490);
 433   1      a( 8,200,524);a( 9,200,497);a(10,200,893);a(11,200,852);
 434   1      a(12,200,225);a(13,200,207);a(14,200,452);action();
 435   1      }
 436          void action48()  //两腿两胳膊平行
 437          {
 438   1      a(15,200,195);a(16,200,777);action();
 439   1      }
 440          void action49()  //半起
 441          {
 442   1      a( 1,200,511);a( 2,200,532);a( 3,200,295);
 443   1      a( 4,200,501);a( 5,200,422);a( 6,200,666);a( 7,200,471);
 444   1      a( 8,200,518);a( 9,200,508);a(10,200,544);a(11,200,764);
 445   1      a(12,200,301);a(13,200,514);a(14,200,448);a(15,200,195);
 446   1      a(16,200,788);action();
 447   1      }
 448          void action50()   //撑   腿
 449          {
 450   1      a( 9,200,502);a(10,200,563);a(11,200,861);
 451   1      a(12,200,178);a(13,200,509);a(14,200,488);action();
 452   1      }
 453          void action51()  //起
 454          {
 455   1      a( 0,200,492);a( 1,200,509);a( 2,200,533);a( 3,200,292);
 456   1      a( 4,200,497);a( 5,200,211);a( 6,200,459);a( 7,200,474);
 457   1      a( 8,200,520);a( 9,200,510);a(10,200,569);a(11,200,722);
 458   1      a(12,200,173);a(13,200,184);a(14,200,482);a(15,200,195);
 459   1      a(16,200,806);action();
 460   1      }
 461          void action52()
 462          {
 463   1      a( 0,200,661);a( 1,200,509);a( 2,200,533);a( 3,200,292);
 464   1      a( 4,200,497);a( 5,200,211);a( 6,200,459);a( 7,200,474);
 465   1      a( 8,200,520);a( 9,200,509);a(10,200,430);a(11,200,901);
 466   1      a(12,200,170);a(13,200,190);a(14,200,796);a(15,200,195);
 467   1      a(16,200,806);action();
 468   1      }
 469          void action53()  //平行
 470          {
 471   1      a( 0,400,592);a( 1,400,510);a( 2,400,540);a( 3,400,511);
 472   1      a( 4,400,727);a( 5,400,200);a( 6,400,461);a( 7,400,474);
 473   1      a( 8,400,519);a( 9,400,509);a(10,400,858);a(11,400,897);
 474   1      a(12,400,174);a(13,400,209);a(14,400,481);a(15,400,195);
 475   1      a(16,400,806);action();
 476   1      }
 477          void action54()  //平行   后
 478          {
 479   1      a( 9,200,503);a(10,200,865);a(11,200,252);
 480   1      a(12,200,789);a(13,200,238);a(14,200,480);action();
 481   1      }
 482          void action55()
 483          {
 484   1      a( 0,200,590);a( 1,200,511);a( 2,200,460);a( 3,200,398);
 485   1      a( 4,200,615);a( 5,200,376);a( 6,200,682);a( 7,200,472);
 486   1      a( 8,200,515);a( 9,200,503);a(10,200,577);a(11,200,363);
 487   1      a(12,200,680);a(13,200,526);a(14,200,480);a(15,200,186);
 488   1      a(16,200,795);action();
C51 COMPILER V9.59.0.0   DUOJI                                                             07/16/2024 15:05:21 PAGE 9   

 489   1      }
 490          void action55_1()   //倒
 491          {
 492   1      a( 9,200,505);a(10,200,842);a(11,200,240);
 493   1      a(12,200,806);a(13,200,209);a(14,200,480);action();
 494   1      }
 495          void action56()  //收腿
 496          {
 497   1      a( 1,200,511);a( 2,200,550);a( 3,200,401);
 498   1      a( 4,200,681);a( 5,200,262);a( 6,200,548);a( 7,200,513);
 499   1      a( 8,200,513);a( 9,200,501);a(10,200,855);a(11,200,260);
 500   1      a(12,200,793);a(13,200,204);a(14,200,458);a(15,200,506);
 501   1      a(16,200,490);action();
 502   1      }
 503          void action57()  //弓腿
 504          {
 505   1      a( 1,200,513);a( 2,200,581);a( 3,200,492);
 506   1      a( 4,200,532);a( 5,200,458);a( 6,200,556);a( 7,200,441);
 507   1      a( 8,200,510);a( 9,200,501);a(10,200,859);a(11,200,191);
 508   1      a(12,200,870);a(13,200,198);a(14,200,461);a(15,200,499);
 509   1      a(16,200,492);action();
 510   1      
 511   1      }
 512          void action58() //支起
 513          {
 514   1      a( 1,200,519);a( 2,200,622);a( 3,200,485);
 515   1      a( 4,200,491);a( 5,200,499);a( 6,200,530);a( 7,200,391);
 516   1      a( 8,200,512);a( 9,200,498);a(10,200,587);a(11,200,249);
 517   1      a(12,200,810);a(13,200,489);a(14,200,491);a(15,200,495);
 518   1      a(16,200,490);action();
 519   1      }
 520          void action59() //收
 521          {
 522   1      a( 1,200,511);a( 2,200,346);a( 3,200,470);
 523   1      a( 4,200,220);a( 5,200,742);a( 6,200,522);a( 7,200,691);
 524   1      a( 8,200,510);a( 9,200,498);a(10,200,587);a(11,200,269);
 525   1      a(12,200,810);a(13,200,487);a(14,200,491);a(15,200,493);
 526   1      a(16,200,488);action();
 527   1      }
 528          void action60()  //站起
 529          {
 530   1      a( 1,200,514);a( 2,200,535);a( 3,200,291);
 531   1      a( 4,200,483);a( 5,200,474);a( 6,200,666);a( 7,200,529);
 532   1      a( 8,200,516);a( 9,200,501);a(10,200,832);a(11,200,825);
 533   1      a(12,200,249);a(13,200,231);a(14,200,460);a(15,200,501);
 534   1      a(16,200,487);action();
 535   1      }
 536          void action61()  //看  旗帜
 537          {
 538   1      a( 9,200,668);a(10,200,744);a(11,200,947);
 539   1      a(12,200,6);a(13,200,569);a(14,200,485);action();
 540   1      }
 541          void action62()  //挥
 542          {
 543   1      a( 9,200,429);a(10,200,489);a(11,200,946);action();
 544   1      }
 545          void action63()   //正常站姿
 546          {
 547   1      a( 0,200,510);a( 1,200,500);a( 2,200,528);a( 3,200,429);
 548   1      a( 4,200,637);a( 5,200,337);a( 6,200,601);a( 7,200,482);
 549   1      a( 8,200,503);a( 9,200,450);a(10,200,626);a(11,200,579);
 550   1      a(12,200,467);a(13,200,479);a(14,200,484);a(15,200,480);
C51 COMPILER V9.59.0.0   DUOJI                                                             07/16/2024 15:05:21 PAGE 10  

 551   1      a(16,200,485);action();
 552   1      }
 553          void action64()  //正常  迈开
 554          {
 555   1      a( 0,200,510);a( 1,200,491);a( 2,200,531);a( 3,200,426);
 556   1      a( 4,200,633);a( 5,200,340);a( 6,200,605);a( 7,200,483);
 557   1      a( 8,200,508);a( 9,200,497);a(10,200,622);a(11,200,576);
 558   1      a(12,200,449);a(13,200,481);a(14,200,484);a(15,200,487);
 559   1      a(16,200,487);action();
 560   1      }
 561          void action65()  //举高
 562          {
 563   1      a( 9,200,495);a(10,200,641);a(11,200,1023);
 564   1      a(12,200,15);a(13,200,427);a(14,200,484);action();
 565   1      }
 566          void action66()  //摇摆
 567          {
 568   1       a(10,200,718);a(13,200,603);action();
 569   1      }
 570          void action67()  //摇摆
 571          {
 572   1      a( 9,200,495);a(13,200,378);action();
 573   1      }
 574          void action68()  //年轻士兵渴望建立功勋
 575          {
 576   1      a( 0,200,684);a( 9,200,498);a(10,200,815);a(11,200,731);
 577   1      a(12,200,185);a(13,200,594);a(14,200,726);action();
 578   1      }
 579          void  biaozhun()
 580          {
 581   1      a( 1,200,492);a( 2,200,524);a( 3,200,429);
 582   1      a( 4,200,620);a( 5,200,376);a( 6,200,600);a( 7,200,509);
 583   1      a( 8,200,515);a( 9,200,467);a(10,200,591);a(11,200,566);
 584   1      a(12,200,467);a(13,200,481);a(14,200,494);a(15,200,489);
 585   1      a(16,200,497);action();
 586   1      }
 587          void action69() //当那一天真的来临  右胳膊起
 588          {
 589   1      a( 9,200,495);a(10,200,583);a(11,200,971);action();
 590   1      }
 591          void action70() //左胳膊起
 592          {
 593   1      a(11,300,543);a(12,200,262);action();
 594   1      }
 595          void action71()  //放心
 596          {
 597   1      a(12,400,262);a(13,400,615);a(14,400,703);action();
 598   1      }
 599          void action72()  //放心
 600          {
 601   1      a(13,400,459);a(14,400,702);action();
 602   1      }
 603          void action73()  //为了胜利我要勇敢前进
 604          {
 605   1      a( 0,200,552);a( 1,200,500);a( 2,200,509);a( 3,200,428);
 606   1      a( 4,200,582);a( 5,200,398);a( 6,200,599);a( 7,200,515);
 607   1      a( 8,200,516);
 608   1      a( 9,400,464);a(10,400,591);a(11,400,959);
 609   1      a(12,400,90); a(13,400,511);a(14,400,494);a(15,200,491);
 610   1      a(16,200,504);action();
 611   1      }
 612          void action75()  
C51 COMPILER V9.59.0.0   DUOJI                                                             07/16/2024 15:05:21 PAGE 11  

 613          {
 614   1      a( 0,200,551);a( 1,200,503);a( 2,200,509);a( 3,200,431);
 615   1      a( 4,200,607);a( 5,200,379);a( 6,200,597);a( 7,200,512);
 616   1      a( 8,200,510);
 617   1      a( 9,300,491);a(10,300,678);a(11,300,690);
 618   1      a(12,300,347);a(13,300,392);a(14,300,501);action();
 619   1      }
 620          void action76()   //抱    放心吧祖国，放心吧亲人
 621          {
 622   1      a( 9,200,313);a(10,400,479);a(11,200,820);
 623   1      a(12,400,234);a(13,400,568);a(14,400,741);action();
 624   1      }
 625          void action77()  // 右下左上    为了胜利我会永远前进  
 626          {
 627   1      a( 0,200,551);a( 1,200,503);a( 2,200,523);a( 3,200,432);
 628   1      a( 4,200,627);a( 5,200,363);a( 6,200,597);a( 7,200,506);
 629   1      a( 8,200,510);
 630   1      a( 9,400,315);a(10,400,667);a(11,400,613);
 631   1      a(12,400,003);a(13,400,388);a(14,400,742);action();
 632   1      }
 633          void action78()  //右上左下
 634          {
 635   1      a( 0,200,551);a( 1,200,506);a( 2,200,525);a( 3,200,433);
 636   1      a( 4,200,627);a( 5,200,364);a( 6,200,595);a( 7,200,506);
 637   1      a( 8,200,508);
 638   1      a( 9,400,309);a(10,400,631);a(11,400,1043);
 639   1      a(12,400,414);a(13,400,389);a(14,400,742);action();
 640   1      }
 641          void action79()  //准白好了吗
 642          {
 643   1      a( 1,400,494);a( 2,400,523);a( 3,400,447);
 644   1      a( 4,400,643);a( 5,400,347);a( 6,400,579);a( 7,400,506);
 645   1      a( 8,400,519);a( 9,400,490);a(10,400,601);a(11,400,418);
 646   1      a(12,400,160);a(13,400,504);a(14,400,805);a(15,400,474);
 647   1      a(16,400,494);action();
 648   1      }
 649          void action80()
 650          {
 651   1      a( 9,400,491);a(10,400,597);a(11,400,796);
 652   1      a(12,400,554);a(13,400,443);a(14,400,482);action();
 653   1      }
 654          void action81()
 655          {
 656   1      a( 9,400,290);a(10,400,487);action();
 657   1      }
 658          void action82()
 659          {
 660   1      a( 9,200,497);a(10,200,718);a(11,200,582);
 661   1      a(12,200,104);a(13,200,481);a(14,200,480);action();
 662   1      }
 663          void action83()  //放心
 664          {
 665   1      a( 9,400,327);a(10,400,461);a(11,400,814);
 666   1      a(12,400,207);a(13,400,587);a(14,400,682);action();
 667   1      }
 668          void action84()
 669          {
 670   1      a(10,400,580);a(13,400,443);action();
 671   1      }
 672          void action85()
 673          {
 674   1      a( 0,200,701);a( 9,200,330);a(10,200,703);a(11,200,571);
C51 COMPILER V9.59.0.0   DUOJI                                                             07/16/2024 15:05:21 PAGE 12  

 675   1      a(12,200,85);a(13,200,381);a(14,200,682);action();
 676   1      }
 677          void action86()
 678          {
 679   1      a( 9,200,499);a(10,200,834);a(11,200,407);
 680   1      a(12,200,164);a(13,200,473);a(14,200,818);action();
 681   1      }
 682          void action87()
 683          { 
 684   1      a( 1,200,484);a( 2,200,523);a( 3,200,444);
 685   1      a( 4,200,633);a( 5,200,346);a( 6,200,580);a( 7,200,500);
 686   1      a( 8,200,513);a( 9,200,498);a(10,200,834);a(11,200,408);
 687   1      a(12,200,94);a(13,200,472);a(14,200,817);a(15,200,429);
 688   1      a(16,200,457);action();
 689   1      }
 690          void part_one()
 691          {
 692   1      ////////////////到和平年代还有激荡的风云
 693   1        start();delay_ms(300);
 694   1        action1();  delay_ms(500);action1_1();
 695   1        start();delay_ms(500);
 696   1        action2();delay_ms(500); 
 697   1        action2_1();delay_ms(500);
 698   1        start();delay_ms(500);
 699   1        action3();delay_ms(500);delay_ms(500);
 700   1        action3_1();delay_ms(500);
 701   1        action3_2();delay_ms(500);
 702   1        action3_3();delay_ms(500);
 703   1        action3_2();delay_ms(500);
 704   1        action3_3();delay_ms(500);
 705   1        action3_4();delay_ms(500);delay_ms(500);
 706   1        action4_1();delay_ms(500);
 707   1      
 708   1      /////////////////////看那军旗飞舞的方向
 709   1         
 710   1         action5();delay_ms(500);
 711   1         action6();delay_ms(500);
 712   1         action7();delay_ms(500);delay_ms(500);
 713   1         action8();delay_ms(250);
 714   1         action9();delay_ms(500);
 715   1         action8();delay_ms(500);
 716   1         action10();delay_ms(500);
 717   1         action8();delay_ms(500);
 718   1         action10_1();delay_ms(500);
 719   1         action10_2();delay_ms(500);delay_ms(250);
 720   1         action8();
 721   1         action11();delay_ms(500);
 722   1         action11_1();delay_ms(500);
 723   1         action11();delay_ms(500);
 724   1         action12();delay_ms(500);
 725   1         action11();delay_ms(100);
 726   1         action12_1();delay_ms(100);
 727   1      
 728   1      /////////////////////////准备好了吗，士兵兄弟们。
 729   1      
 730   1         action13();   delay_ms(500);
 731   1         action14();   delay_ms(500);
 732   1         action15();   delay_ms(200);
 733   1         action16();   delay_ms(200);
 734   1         action17();   delay_ms(200);
 735   1         action15();   delay_ms(200);
 736   1         action16();   delay_ms(200);
C51 COMPILER V9.59.0.0   DUOJI                                                             07/16/2024 15:05:21 PAGE 13  

 737   1         action18();   delay_ms(200);
 738   1         action19();   delay_ms(200);
 739   1         action20();   delay_ms(200);
 740   1         action21();   delay_ms(200);
 741   1         action22();   delay_ms(200);
 742   1         action23();   delay_ms(100);
 743   1         action24();   delay_ms(100);
 744   1         action24_1();   delay_ms(200);
 745   1         action24_2();   delay_ms(200);
 746   1         action24_3();   delay_ms(50);
 747   1         action24_4();   delay_ms(200);
 748   1         action25();   delay_ms(200);
 749   1         action26();   delay_ms(500);
 750   1         action27();   delay_ms(500);
 751   1         action28();   delay_ms(500);
 752   1         action29();   delay_ms(500);
 753   1         action30();   delay_ms(500);
 754   1         action31();   delay_ms(500);
 755   1         action34();   delay_ms(500);
 756   1         action35();   
 757   1         action36();   
 758   1         action35();   
 759   1         action36();   
 760   1         action35();   
 761   1         action36();   delay_ms(300);
 762   1         action37();   delay_ms(300);
 763   1         action38();   delay_ms(300);
 764   1         action39();   delay_ms(300);
 765   1         action40();   delay_ms(300);
 766   1         action41();   delay_ms(300);
 767   1         action42();   delay_ms(300);
 768   1         action43();   delay_ms(300);
 769   1         action44();   delay_ms(300);
 770   1         action45();   delay_ms(300);
 771   1         action44();   delay_ms(300);
 772   1         action45();   delay_ms(300);
 773   1         action44();   delay_ms(300); 
 774   1      }
 775          void part_two()
 776          {
 777   1         action43(); delay_ms(300);
 778   1         action44(); delay_ms(300);
 779   1         action46(); delay_ms(300);
 780   1         action47(); delay_ms(300);
 781   1         action48(); delay_ms(300);
 782   1         action49(); delay_ms(300);
 783   1         action50(); delay_ms(300);
 784   1         action51(); delay_ms(300);
 785   1         action52(); delay_ms(300);
 786   1         action53(); delay_ms(300);
 787   1         action54(); delay_ms(300);
 788   1         action55(); delay_ms(300);
 789   1         action55_1(); delay_ms(300);
 790   1         action56(); delay_ms(300);
 791   1         action57(); delay_ms(300);
 792   1         action58(); delay_ms(300);
 793   1         action59(); delay_ms(300);
 794   1         action60(); delay_ms(300);
 795   1      }
 796          
 797          
 798          
C51 COMPILER V9.59.0.0   DUOJI                                                             07/16/2024 15:05:21 PAGE 14  

 799          void part_three()
 800          {
 801   1      /////////////////////////第  一分四十秒开始（这是一个晴朗的早晨）  
 802   1         action60(); delay_ms(300); //站起
 803   1         action61(); delay_ms(300); //看  旗帜
 804   1         action62(); delay_ms(300); //挥
 805   1         action63(); delay_ms(300); //正常站姿
 806   1         action64(); delay_ms(300); //正常  迈开
 807   1         action65(); delay_ms(300); //举高
 808   1         action66(); delay_ms(300); //摇摆
 809   1         action67(); delay_ms(300);//摇摆
 810   1         action68(); delay_ms(300);
 811   1         delay_ms(500);delay_ms(500);
 812   1      /////////////////////////
 813   1         start();delay_ms(500);
 814   1         action1(); delay_ms(500);action1_1();
 815   1         start();delay_ms(500);
 816   1         action2();delay_ms(500); 
 817   1         action2_1();delay_ms(500);
 818   1      //当那一天真的来临
 819   1         biaozhun(); delay_ms(300); //正常  迈开
 820   1         action69();delay_ms(500);delay_ms(500);  delay_ms(500);delay_ms(500);//当那一天真的来临  右胳膊起
 821   1         action70();delay_ms(500); delay_ms(500);delay_ms(500); //左胳膊起
 822   1         action71();delay_ms(300);  //放心
 823   1         action72();delay_ms(300);
 824   1         action71();delay_ms(300);
 825   1         action72();delay_ms(300);
 826   1         action71();delay_ms(300);
 827   1         action72();delay_ms(300);
 828   1         action73();delay_ms(300);
 829   1         ready();   delay_ms(300);
 830   1         action3(); delay_ms(300);delay_ms(300);
 831   1         action3_1();delay_ms(500);
 832   1         action3_2();delay_ms(500);
 833   1         action3_3();delay_ms(500);
 834   1         action3_2();delay_ms(500);
 835   1         action3_3();delay_ms(500);
 836   1         action3_4();delay_ms(500);delay_ms(500);
 837   1         action4(); delay_ms(500);
 838   1         action75();delay_ms(500);
 839   1         action76();delay_ms(500);
 840   1         action77();delay_ms(500);
 841   1         action78();delay_ms(500);
 842   1         action75();delay_ms(500);
 843   1         action79();delay_ms(500);
 844   1         action80();delay_ms(500);
 845   1         action81();delay_ms(300);
 846   1         action82();delay_ms(300);
 847   1         action83();delay_ms(300);
 848   1         action84();delay_ms(300);
 849   1         action83();delay_ms(300);
 850   1         action84();delay_ms(300);
 851   1         action85();delay_ms(300);
 852   1         action79();delay_ms(500);
 853   1         action80();delay_ms(500);
 854   1         action81();delay_ms(300);
 855   1         action82();delay_ms(300);
 856   1         action86();delay_ms(300);
 857   1         action87();delay_ms(300);
 858   1         biaozhun(); delay_ms(500);delay_ms(500);delay_ms(500);delay_ms(500);delay_ms(500);
 859   1         action1(); delay_ms(500);action1_1();
 860   1       }
C51 COMPILER V9.59.0.0   DUOJI                                                             07/16/2024 15:05:21 PAGE 15  

 861          //舞蹈时序************************************************************************************************
             -*
 862          
 863            
 864            void  dancing()
 865          {
 866   1         part_one();
 867   1         part_two();  //最后一个动作：支起
 868   1         part_three();
 869   1         start();
 870   1         cmd=0x01;  
 871   1       }


MODULE INFORMATION:   STATIC OVERLAYABLE
   CODE SIZE        =  14626    ----
   CONSTANT SIZE    =   ----    ----
   XDATA SIZE       =   ----    ----
   PDATA SIZE       =   ----    ----
   DATA SIZE        =   ----       6
   IDATA SIZE       =   ----    ----
   BIT SIZE         =   ----    ----
   EDATA SIZE       =   ----    ----
   HDATA SIZE       =   ----    ----
   XDATA CONST SIZE =   ----    ----
   FAR CONST SIZE   =   ----    ----
END OF MODULE INFORMATION.


C51 COMPILATION COMPLETE.  0 WARNING(S),  0 ERROR(S)
