C51 COMPILER V9.59.0.0   MAIN                                                              07/16/2024 15:05:21 PAGE 1   


C51 COMPILER V9.59.0.0, COMPILATION OF MODULE MAIN
OBJECT MODULE PLACED IN .\Objects\MAIN.obj
COMPILER INVOKED BY: G:\Keil_v5\C51\BIN\C51.EXE MAIN.c OMF2 OPTIMIZE(8,SPEED) BROWSE DEBUG PRINT(.\Listings\MAIN.lst) TA
                    -BS(2) OBJECT(.\Objects\MAIN.obj)

line level    source

   1          # include "uart.h"
   2          # include "NARFL2401.h"
   3          #include "asr.h"
   4          # include "open.H"
   5          #include "duoji.h"
   6          extern  unsigned char cmd;
   7          
   8          
   9          void main ()
  10          { 
  11   1        wagh();                       //IO初始化
  12   1        Uart1234_Init();              //四串口初始化
  13   1        Init_NRF24L01_MA();           //初始化
  14   1        Set_RxMode_MA();              //配置nRF24L01为接收模式
  15   1        zhongduanyi();                //中断初始化
  16   1        P2=0X00;
  17   1        start();
  18   1        while(1)
  19   1        {
  20   2            switch (cmd)
  21   2          {
  22   3              case 0 :SendStringByUart1("0x00  ");break;                            //等待启动
  23   3              case 1 :SendStringByUart1("0x01  ");break;                            //紧急停止
  24   3              case 2 :SendStringByUart1("0x02  "); dancing();
  25   3                      break;       
  26   3              default :cmd=0;break;
  27   3          }
  28   2            delay_ms(200);
  29   2       }
  30   1      }


MODULE INFORMATION:   STATIC OVERLAYABLE
   CODE SIZE        =     78    ----
   CONSTANT SIZE    =     21    ----
   XDATA SIZE       =   ----    ----
   PDATA SIZE       =   ----    ----
   DATA SIZE        =   ----    ----
   IDATA SIZE       =   ----    ----
   BIT SIZE         =   ----    ----
   EDATA SIZE       =   ----    ----
   HDATA SIZE       =   ----    ----
   XDATA CONST SIZE =   ----    ----
   FAR CONST SIZE   =   ----    ----
END OF MODULE INFORMATION.


C51 COMPILATION COMPLETE.  0 WARNING(S),  0 ERROR(S)
