C51 COMPILER V9.54   OPEN                                                                  07/26/2019 19:04:23 PAGE 1   


C51 COMPILER V9.54, COMPILATION OF MODULE OPEN
OBJECT MODULE PLACED IN .\Objects\open.obj
COMPILER INVOKED BY: F:\MDK-KEII5\MDK\C51\BIN\C51.EXE open.c OMF2 OPTIMIZE(8,SPEED) BROWSE DEBUG PRINT(.\Listings\open.l
                    -st) TABS(2) OBJECT(.\Objects\open.obj)

line level    source

   1          # include "open.H"
   2          extern unsigned char xdata Rec_Buf4[1];
   3          void openmv()
   4          {
   5   1        unsigned char i;
   6   1        i=Rec_Buf4[0];
   7   1        if(i==0x0B||0X0C||0X0D)        //ºÙµ∂ ÷
   8   1        {
   9   2        SendStringByUart1("“° ÷");//
  10   2        }else if(i==0x0E||0X0F||0X11)  //Œ’ ÷
  11   1        {
  12   2        SendStringByUart1("Œ’ ÷");//Œ’ ÷
  13   2        }else if(i==0x12||0X13||0X14)   //’Ê∞Ù
  14   1        {
  15   2        SendStringByUart1("≈¸≤Ê");  //≈¸≤Ê
  16   2        }
  17   1      }


MODULE INFORMATION:   STATIC OVERLAYABLE
   CODE SIZE        =     16    ----
   CONSTANT SIZE    =     15    ----
   XDATA SIZE       =   ----    ----
   PDATA SIZE       =   ----    ----
   DATA SIZE        =   ----       1
   IDATA SIZE       =   ----    ----
   BIT SIZE         =   ----    ----
   EDATA SIZE       =   ----    ----
   HDATA SIZE       =   ----    ----
   XDATA CONST SIZE =   ----    ----
   FAR CONST SIZE   =   ----    ----
END OF MODULE INFORMATION.


C51 COMPILATION COMPLETE.  0 WARNING(S),  0 ERROR(S)
